<?xml version="1.0" encoding="utf-8"?>
<coverage line-rate="0.6422" branch-rate="0.38539999999999996" version="1.9" timestamp="1779391773" lines-covered="869" lines-valid="1353" branches-covered="138" branches-valid="358">
  <sources>
    <source>D:\IdeaProjects\PersonalP\</source>
  </sources>
  <packages>
    <package name="App.BLL" line-rate="0.6696" branch-rate="0.3981" complexity="581">
      <classes>
        <class name="App.BLL.AppBll" filename="App.BLL\AppBll.cs" line-rate="0" branch-rate="0" complexity="27">
          <methods>
            <method name="get_Vehicles" signature="()" line-rate="0" branch-rate="0" complexity="2">
              <lines>
                <line number="30" hits="0" branch="True" condition-coverage="0% (0/2)">
                  <conditions>
                    <condition number="7" type="jump" coverage="0%" />
                  </conditions>
                </line>
              </lines>
            </method>
            <method name="get_ServiceOrders" signature="()" line-rate="0" branch-rate="0" complexity="2">
              <lines>
                <line number="33" hits="0" branch="True" condition-coverage="0% (0/2)">
                  <conditions>
                    <condition number="7" type="jump" coverage="0%" />
                  </conditions>
                </line>
              </lines>
            </method>
            <method name="get_Services" signature="()" line-rate="0" branch-rate="0" complexity="2">
              <lines>
                <line number="36" hits="0" branch="True" condition-coverage="0% (0/2)">
                  <conditions>
                    <condition number="7" type="jump" coverage="0%" />
                  </conditions>
                </line>
              </lines>
            </method>
            <method name="get_Workshops" signature="()" line-rate="0" branch-rate="0" complexity="2">
              <lines>
                <line number="39" hits="0" branch="True" condition-coverage="0% (0/2)">
                  <conditions>
                    <condition number="7" type="jump" coverage="0%" />
                  </conditions>
                </line>
              </lines>
            </method>
            <method name="get_SpareParts" signature="()" line-rate="0" branch-rate="0" complexity="2">
              <lines>
                <line number="42" hits="0" branch="True" condition-coverage="0% (0/2)">
                  <conditions>
                    <condition number="7" type="jump" coverage="0%" />
                  </conditions>
                </line>
              </lines>
            </method>
            <method name="get_StatusHistories" signature="()" line-rate="0" branch-rate="0" complexity="2">
              <lines>
                <line number="45" hits="0" branch="True" condition-coverage="0% (0/2)">
                  <conditions>
                    <condition number="7" type="jump" coverage="0%" />
                  </conditions>
                </line>
              </lines>
            </method>
            <method name="get_Payments" signature="()" line-rate="0" branch-rate="0" complexity="2">
              <lines>
                <line number="48" hits="0" branch="True" condition-coverage="0% (0/2)">
                  <conditions>
                    <condition number="7" type="jump" coverage="0%" />
                  </conditions>
                </line>
              </lines>
            </method>
            <method name="get_Owners" signature="()" line-rate="0" branch-rate="0" complexity="2">
              <lines>
                <line number="51" hits="0" branch="True" condition-coverage="0% (0/2)">
                  <conditions>
                    <condition number="7" type="jump" coverage="0%" />
                  </conditions>
                </line>
              </lines>
            </method>
            <method name="get_Mechanics" signature="()" line-rate="0" branch-rate="0" complexity="2">
              <lines>
                <line number="54" hits="0" branch="True" condition-coverage="0% (0/2)">
                  <conditions>
                    <condition number="7" type="jump" coverage="0%" />
                  </conditions>
                </line>
              </lines>
            </method>
            <method name="get_ServiceOrderParts" signature="()" line-rate="0" branch-rate="0" complexity="2">
              <lines>
                <line number="57" hits="0" branch="True" condition-coverage="0% (0/2)">
                  <conditions>
                    <condition number="7" type="jump" coverage="0%" />
                  </conditions>
                </line>
              </lines>
            </method>
            <method name="get_RepairPhotos" signature="()" line-rate="0" branch-rate="0" complexity="2">
              <lines>
                <line number="60" hits="0" branch="True" condition-coverage="0% (0/2)">
                  <conditions>
                    <condition number="7" type="jump" coverage="0%" />
                  </conditions>
                </line>
              </lines>
            </method>
            <method name="get_RefreshTokens" signature="()" line-rate="0" branch-rate="0" complexity="2">
              <lines>
                <line number="63" hits="0" branch="True" condition-coverage="0% (0/2)">
                  <conditions>
                    <condition number="7" type="jump" coverage="0%" />
                  </conditions>
                </line>
              </lines>
            </method>
            <method name="get_ListItems" signature="()" line-rate="0" branch-rate="0" complexity="2">
              <lines>
                <line number="66" hits="0" branch="True" condition-coverage="0% (0/2)">
                  <conditions>
                    <condition number="7" type="jump" coverage="0%" />
                  </conditions>
                </line>
              </lines>
            </method>
            <method name=".ctor" signature="(App.DAL.Contracts.IAppUnitOfWork)" line-rate="0" branch-rate="1" complexity="1">
              <lines>
                <line number="24" hits="0" branch="False" />
                <line number="26" hits="0" branch="False" />
                <line number="27" hits="0" branch="False" />
              </lines>
            </method>
          </methods>
          <lines>
            <line number="30" hits="0" branch="True" condition-coverage="0% (0/2)">
              <conditions>
                <condition number="7" type="jump" coverage="0%" />
              </conditions>
            </line>
            <line number="33" hits="0" branch="True" condition-coverage="0% (0/2)">
              <conditions>
                <condition number="7" type="jump" coverage="0%" />
              </conditions>
            </line>
            <line number="36" hits="0" branch="True" condition-coverage="0% (0/2)">
              <conditions>
                <condition number="7" type="jump" coverage="0%" />
              </conditions>
            </line>
            <line number="39" hits="0" branch="True" condition-coverage="0% (0/2)">
              <conditions>
                <condition number="7" type="jump" coverage="0%" />
              </conditions>
            </line>
            <line number="42" hits="0" branch="True" condition-coverage="0% (0/2)">
              <conditions>
                <condition number="7" type="jump" coverage="0%" />
              </conditions>
            </line>
            <line number="45" hits="0" branch="True" condition-coverage="0% (0/2)">
              <conditions>
                <condition number="7" type="jump" coverage="0%" />
              </conditions>
            </line>
            <line number="48" hits="0" branch="True" condition-coverage="0% (0/2)">
              <conditions>
                <condition number="7" type="jump" coverage="0%" />
              </conditions>
            </line>
            <line number="51" hits="0" branch="True" condition-coverage="0% (0/2)">
              <conditions>
                <condition number="7" type="jump" coverage="0%" />
              </conditions>
            </line>
            <line number="54" hits="0" branch="True" condition-coverage="0% (0/2)">
              <conditions>
                <condition number="7" type="jump" coverage="0%" />
              </conditions>
            </line>
            <line number="57" hits="0" branch="True" condition-coverage="0% (0/2)">
              <conditions>
                <condition number="7" type="jump" coverage="0%" />
              </conditions>
            </line>
            <line number="60" hits="0" branch="True" condition-coverage="0% (0/2)">
              <conditions>
                <condition number="7" type="jump" coverage="0%" />
              </conditions>
            </line>
            <line number="63" hits="0" branch="True" condition-coverage="0% (0/2)">
              <conditions>
                <condition number="7" type="jump" coverage="0%" />
              </conditions>
            </line>
            <line number="66" hits="0" branch="True" condition-coverage="0% (0/2)">
              <conditions>
                <condition number="7" type="jump" coverage="0%" />
              </conditions>
            </line>
            <line number="24" hits="0" branch="False" />
            <line number="26" hits="0" branch="False" />
            <line number="27" hits="0" branch="False" />
          </lines>
        </class>
        <class name="App.BLL.AppBll/&lt;SaveChangesAsync&gt;d__41" filename="App.BLL\AppBll.cs" line-rate="0" branch-rate="1" complexity="1">
          <methods>
            <method name="MoveNext" signature="()" line-rate="0" branch-rate="1" complexity="1">
              <lines>
                <line number="70" hits="0" branch="False" />
                <line number="71" hits="0" branch="False" />
              </lines>
            </method>
          </methods>
          <lines>
            <line number="70" hits="0" branch="False" />
            <line number="71" hits="0" branch="False" />
          </lines>
        </class>
        <class name="App.BLL.Services.ListItemService" filename="App.BLL\Services\ListItemService.cs" line-rate="0" branch-rate="0" complexity="5">
          <methods>
            <method name="Add" signature="(App.BLL.DTO.BllListItem)" line-rate="0" branch-rate="1" complexity="1">
              <lines>
                <line number="41" hits="0" branch="False" />
                <line number="42" hits="0" branch="False" />
              </lines>
            </method>
            <method name="Update" signature="(App.BLL.DTO.BllListItem)" line-rate="0" branch-rate="0" complexity="2">
              <lines>
                <line number="48" hits="0" branch="True" condition-coverage="0% (0/2)">
                  <conditions>
                    <condition number="21" type="jump" coverage="0%" />
                  </conditions>
                </line>
              </lines>
            </method>
            <method name="Remove" signature="(App.BLL.DTO.BllListItem)" line-rate="0" branch-rate="1" complexity="1">
              <lines>
                <line number="68" hits="0" branch="False" />
                <line number="69" hits="0" branch="False" />
              </lines>
            </method>
            <method name=".ctor" signature="(App.DAL.Contracts.IAppUnitOfWork)" line-rate="0" branch-rate="1" complexity="1">
              <lines>
                <line number="11" hits="0" branch="False" />
                <line number="13" hits="0" branch="False" />
                <line number="14" hits="0" branch="False" />
              </lines>
            </method>
          </methods>
          <lines>
            <line number="41" hits="0" branch="False" />
            <line number="42" hits="0" branch="False" />
            <line number="48" hits="0" branch="True" condition-coverage="0% (0/2)">
              <conditions>
                <condition number="21" type="jump" coverage="0%" />
              </conditions>
            </line>
            <line number="68" hits="0" branch="False" />
            <line number="69" hits="0" branch="False" />
            <line number="11" hits="0" branch="False" />
            <line number="13" hits="0" branch="False" />
            <line number="14" hits="0" branch="False" />
          </lines>
        </class>
        <class name="App.BLL.Services.ListItemService/&lt;&gt;c" filename="App.BLL\Services\ListItemService.cs" line-rate="0" branch-rate="1" complexity="2">
          <methods>
            <method name="&lt;AllAsync&gt;b__2_0" signature="(App.Domain.ListItem)" line-rate="0" branch-rate="1" complexity="1">
              <lines>
                <line number="19" hits="0" branch="False" />
              </lines>
            </method>
            <method name="&lt;AllByUserAsync&gt;b__3_0" signature="(App.Domain.ListItem)" line-rate="0" branch-rate="1" complexity="1">
              <lines>
                <line number="25" hits="0" branch="False" />
              </lines>
            </method>
          </methods>
          <lines>
            <line number="19" hits="0" branch="False" />
            <line number="25" hits="0" branch="False" />
          </lines>
        </class>
        <class name="App.BLL.Services.ListItemService/&lt;AllAsync&gt;d__2" filename="App.BLL\Services\ListItemService.cs" line-rate="0" branch-rate="1" complexity="1">
          <methods>
            <method name="MoveNext" signature="()" line-rate="0" branch-rate="1" complexity="1">
              <lines>
                <line number="18" hits="0" branch="False" />
                <line number="20" hits="0" branch="False" />
              </lines>
            </method>
          </methods>
          <lines>
            <line number="18" hits="0" branch="False" />
            <line number="20" hits="0" branch="False" />
          </lines>
        </class>
        <class name="App.BLL.Services.ListItemService/&lt;AllByUserAsync&gt;d__3" filename="App.BLL\Services\ListItemService.cs" line-rate="0" branch-rate="1" complexity="1">
          <methods>
            <method name="MoveNext" signature="()" line-rate="0" branch-rate="1" complexity="1">
              <lines>
                <line number="24" hits="0" branch="False" />
                <line number="26" hits="0" branch="False" />
              </lines>
            </method>
          </methods>
          <lines>
            <line number="24" hits="0" branch="False" />
            <line number="26" hits="0" branch="False" />
          </lines>
        </class>
        <class name="App.BLL.Services.ListItemService/&lt;ExistsAsync&gt;d__10" filename="App.BLL\Services\ListItemService.cs" line-rate="0" branch-rate="1" complexity="1">
          <methods>
            <method name="MoveNext" signature="()" line-rate="0" branch-rate="1" complexity="1">
              <lines>
                <line number="73" hits="0" branch="False" />
                <line number="74" hits="0" branch="False" />
              </lines>
            </method>
          </methods>
          <lines>
            <line number="73" hits="0" branch="False" />
            <line number="74" hits="0" branch="False" />
          </lines>
        </class>
        <class name="App.BLL.Services.ListItemService/&lt;FindAsync&gt;d__4" filename="App.BLL\Services\ListItemService.cs" line-rate="0" branch-rate="1" complexity="1">
          <methods>
            <method name="MoveNext" signature="()" line-rate="0" branch-rate="1" complexity="1">
              <lines>
                <line number="30" hits="0" branch="False" />
                <line number="31" hits="0" branch="False" />
              </lines>
            </method>
          </methods>
          <lines>
            <line number="30" hits="0" branch="False" />
            <line number="31" hits="0" branch="False" />
          </lines>
        </class>
        <class name="App.BLL.Services.ListItemService/&lt;FindByUserAsync&gt;d__5" filename="App.BLL\Services\ListItemService.cs" line-rate="0" branch-rate="1" complexity="1">
          <methods>
            <method name="MoveNext" signature="()" line-rate="0" branch-rate="1" complexity="1">
              <lines>
                <line number="35" hits="0" branch="False" />
                <line number="36" hits="0" branch="False" />
              </lines>
            </method>
          </methods>
          <lines>
            <line number="35" hits="0" branch="False" />
            <line number="36" hits="0" branch="False" />
          </lines>
        </class>
        <class name="App.BLL.Services.ListItemService/&lt;UpdateAsync&gt;d__8" filename="App.BLL\Services\ListItemService.cs" line-rate="0" branch-rate="0" complexity="2">
          <methods>
            <method name="MoveNext" signature="()" line-rate="0" branch-rate="0" complexity="2">
              <lines>
                <line number="54" hits="0" branch="False" />
                <line number="55" hits="0" branch="True" condition-coverage="0% (0/2)">
                  <conditions>
                    <condition number="134" type="jump" coverage="0%" />
                  </conditions>
                </line>
                <line number="57" hits="0" branch="False" />
                <line number="58" hits="0" branch="False" />
                <line number="59" hits="0" branch="False" />
                <line number="61" hits="0" branch="False" />
                <line number="62" hits="0" branch="False" />
                <line number="63" hits="0" branch="False" />
              </lines>
            </method>
          </methods>
          <lines>
            <line number="54" hits="0" branch="False" />
            <line number="55" hits="0" branch="True" condition-coverage="0% (0/2)">
              <conditions>
                <condition number="134" type="jump" coverage="0%" />
              </conditions>
            </line>
            <line number="57" hits="0" branch="False" />
            <line number="58" hits="0" branch="False" />
            <line number="59" hits="0" branch="False" />
            <line number="61" hits="0" branch="False" />
            <line number="62" hits="0" branch="False" />
            <line number="63" hits="0" branch="False" />
          </lines>
        </class>
        <class name="App.BLL.Services.MechanicService" filename="App.BLL\Services\MechanicService.cs" line-rate="0.875" branch-rate="0" complexity="5">
          <methods>
            <method name="Add" signature="(App.BLL.DTO.BllMechanic)" line-rate="1" branch-rate="1" complexity="1">
              <lines>
                <line number="30" hits="1" branch="False" />
                <line number="31" hits="1" branch="False" />
              </lines>
            </method>
            <method name="Update" signature="(App.BLL.DTO.BllMechanic)" line-rate="0" branch-rate="0" complexity="2">
              <lines>
                <line number="37" hits="0" branch="True" condition-coverage="0% (0/2)">
                  <conditions>
                    <condition number="21" type="jump" coverage="0%" />
                  </conditions>
                </line>
              </lines>
            </method>
            <method name="Remove" signature="(App.BLL.DTO.BllMechanic)" line-rate="1" branch-rate="1" complexity="1">
              <lines>
                <line number="62" hits="1" branch="False" />
                <line number="63" hits="1" branch="False" />
              </lines>
            </method>
            <method name=".ctor" signature="(App.DAL.Contracts.IAppUnitOfWork)" line-rate="1" branch-rate="1" complexity="1">
              <lines>
                <line number="11" hits="8" branch="False" />
                <line number="13" hits="8" branch="False" />
                <line number="14" hits="8" branch="False" />
              </lines>
            </method>
          </methods>
          <lines>
            <line number="30" hits="1" branch="False" />
            <line number="31" hits="1" branch="False" />
            <line number="37" hits="0" branch="True" condition-coverage="0% (0/2)">
              <conditions>
                <condition number="21" type="jump" coverage="0%" />
              </conditions>
            </line>
            <line number="62" hits="1" branch="False" />
            <line number="63" hits="1" branch="False" />
            <line number="11" hits="8" branch="False" />
            <line number="13" hits="8" branch="False" />
            <line number="14" hits="8" branch="False" />
          </lines>
        </class>
        <class name="App.BLL.Services.MechanicService/&lt;&gt;c" filename="App.BLL\Services\MechanicService.cs" line-rate="0.125" branch-rate="1" complexity="4">
          <methods>
            <method name="&lt;AllAsync&gt;b__2_0" signature="(App.Domain.Mechanic)" line-rate="1" branch-rate="1" complexity="1">
              <lines>
                <line number="19" hits="3" branch="False" />
              </lines>
            </method>
            <method name="&lt;GetSelectListAsync&gt;b__9_0" signature="(App.BLL.DTO.BllMechanic)" line-rate="0" branch-rate="1" complexity="1">
              <lines>
                <line number="74" hits="0" branch="False" />
              </lines>
            </method>
            <method name="&lt;GetSelectListAsync&gt;b__9_1" signature="(App.BLL.DTO.BllMechanic)" line-rate="0" branch-rate="1" complexity="1">
              <lines>
                <line number="75" hits="0" branch="False" />
              </lines>
            </method>
            <method name="&lt;GetSelectListAsync&gt;b__9_2" signature="(App.BLL.DTO.BllMechanic)" line-rate="0" branch-rate="1" complexity="1">
              <lines>
                <line number="76" hits="0" branch="False" />
                <line number="77" hits="0" branch="False" />
                <line number="78" hits="0" branch="False" />
                <line number="79" hits="0" branch="False" />
                <line number="80" hits="0" branch="False" />
              </lines>
            </method>
          </methods>
          <lines>
            <line number="19" hits="3" branch="False" />
            <line number="74" hits="0" branch="False" />
            <line number="75" hits="0" branch="False" />
            <line number="76" hits="0" branch="False" />
            <line number="77" hits="0" branch="False" />
            <line number="78" hits="0" branch="False" />
            <line number="79" hits="0" branch="False" />
            <line number="80" hits="0" branch="False" />
          </lines>
        </class>
        <class name="App.BLL.Services.MechanicService/&lt;AllAsync&gt;d__2" filename="App.BLL\Services\MechanicService.cs" line-rate="1" branch-rate="1" complexity="1">
          <methods>
            <method name="MoveNext" signature="()" line-rate="1" branch-rate="1" complexity="1">
              <lines>
                <line number="18" hits="1" branch="False" />
                <line number="20" hits="1" branch="False" />
              </lines>
            </method>
          </methods>
          <lines>
            <line number="18" hits="1" branch="False" />
            <line number="20" hits="1" branch="False" />
          </lines>
        </class>
        <class name="App.BLL.Services.MechanicService/&lt;ExistsAsync&gt;d__8" filename="App.BLL\Services\MechanicService.cs" line-rate="1" branch-rate="1" complexity="1">
          <methods>
            <method name="MoveNext" signature="()" line-rate="1" branch-rate="1" complexity="1">
              <lines>
                <line number="67" hits="1" branch="False" />
                <line number="68" hits="1" branch="False" />
              </lines>
            </method>
          </methods>
          <lines>
            <line number="67" hits="1" branch="False" />
            <line number="68" hits="1" branch="False" />
          </lines>
        </class>
        <class name="App.BLL.Services.MechanicService/&lt;FindAsync&gt;d__3" filename="App.BLL\Services\MechanicService.cs" line-rate="1" branch-rate="1" complexity="1">
          <methods>
            <method name="MoveNext" signature="()" line-rate="1" branch-rate="1" complexity="1">
              <lines>
                <line number="24" hits="2" branch="False" />
                <line number="25" hits="2" branch="False" />
              </lines>
            </method>
          </methods>
          <lines>
            <line number="24" hits="2" branch="False" />
            <line number="25" hits="2" branch="False" />
          </lines>
        </class>
        <class name="App.BLL.Services.MechanicService/&lt;GetSelectListAsync&gt;d__9" filename="App.BLL\Services\MechanicService.cs" line-rate="0" branch-rate="1" complexity="1">
          <methods>
            <method name="MoveNext" signature="()" line-rate="0" branch-rate="1" complexity="1">
              <lines>
                <line number="72" hits="0" branch="False" />
                <line number="73" hits="0" branch="False" />
                <line number="81" hits="0" branch="False" />
                <line number="82" hits="0" branch="False" />
              </lines>
            </method>
          </methods>
          <lines>
            <line number="72" hits="0" branch="False" />
            <line number="73" hits="0" branch="False" />
            <line number="81" hits="0" branch="False" />
            <line number="82" hits="0" branch="False" />
          </lines>
        </class>
        <class name="App.BLL.Services.MechanicService/&lt;UpdateAsync&gt;d__6" filename="App.BLL\Services\MechanicService.cs" line-rate="1" branch-rate="1" complexity="2">
          <methods>
            <method name="MoveNext" signature="()" line-rate="1" branch-rate="1" complexity="2">
              <lines>
                <line number="45" hits="2" branch="False" />
                <line number="46" hits="3" branch="True" condition-coverage="100% (2/2)">
                  <conditions>
                    <condition number="134" type="jump" coverage="100%" />
                  </conditions>
                </line>
                <line number="48" hits="1" branch="False" />
                <line number="49" hits="1" branch="False" />
                <line number="50" hits="1" branch="False" />
                <line number="51" hits="1" branch="False" />
                <line number="52" hits="1" branch="False" />
                <line number="53" hits="1" branch="False" />
                <line number="55" hits="1" branch="False" />
                <line number="56" hits="1" branch="False" />
                <line number="57" hits="2" branch="False" />
              </lines>
            </method>
          </methods>
          <lines>
            <line number="45" hits="2" branch="False" />
            <line number="46" hits="3" branch="True" condition-coverage="100% (2/2)">
              <conditions>
                <condition number="134" type="jump" coverage="100%" />
              </conditions>
            </line>
            <line number="48" hits="1" branch="False" />
            <line number="49" hits="1" branch="False" />
            <line number="50" hits="1" branch="False" />
            <line number="51" hits="1" branch="False" />
            <line number="52" hits="1" branch="False" />
            <line number="53" hits="1" branch="False" />
            <line number="55" hits="1" branch="False" />
            <line number="56" hits="1" branch="False" />
            <line number="57" hits="2" branch="False" />
          </lines>
        </class>
        <class name="App.BLL.Services.OwnerService" filename="App.BLL\Services\OwnerService.cs" line-rate="0.4375" branch-rate="0" complexity="5">
          <methods>
            <method name="Add" signature="(App.BLL.DTO.BllOwner)" line-rate="1" branch-rate="1" complexity="1">
              <lines>
                <line number="36" hits="1" branch="False" />
                <line number="37" hits="1" branch="False" />
              </lines>
            </method>
            <method name="Update" signature="(App.BLL.DTO.BllOwner)" line-rate="0" branch-rate="0" complexity="2">
              <lines>
                <line number="42" hits="0" branch="False" />
                <line number="43" hits="0" branch="True" condition-coverage="0% (0/2)">
                  <conditions>
                    <condition number="37" type="jump" coverage="0%" />
                  </conditions>
                </line>
                <line number="44" hits="0" branch="False" />
                <line number="45" hits="0" branch="False" />
                <line number="46" hits="0" branch="False" />
                <line number="47" hits="0" branch="False" />
                <line number="48" hits="0" branch="False" />
                <line number="49" hits="0" branch="False" />
                <line number="50" hits="0" branch="False" />
              </lines>
            </method>
            <method name="Remove" signature="(App.BLL.DTO.BllOwner)" line-rate="1" branch-rate="1" complexity="1">
              <lines>
                <line number="56" hits="1" branch="False" />
                <line number="57" hits="1" branch="False" />
              </lines>
            </method>
            <method name=".ctor" signature="(App.DAL.Contracts.IAppUnitOfWork)" line-rate="1" branch-rate="1" complexity="1">
              <lines>
                <line number="12" hits="7" branch="False" />
                <line number="14" hits="7" branch="False" />
                <line number="15" hits="7" branch="False" />
              </lines>
            </method>
          </methods>
          <lines>
            <line number="36" hits="1" branch="False" />
            <line number="37" hits="1" branch="False" />
            <line number="42" hits="0" branch="False" />
            <line number="43" hits="0" branch="True" condition-coverage="0% (0/2)">
              <conditions>
                <condition number="37" type="jump" coverage="0%" />
              </conditions>
            </line>
            <line number="44" hits="0" branch="False" />
            <line number="45" hits="0" branch="False" />
            <line number="46" hits="0" branch="False" />
            <line number="47" hits="0" branch="False" />
            <line number="48" hits="0" branch="False" />
            <line number="49" hits="0" branch="False" />
            <line number="50" hits="0" branch="False" />
            <line number="56" hits="1" branch="False" />
            <line number="57" hits="1" branch="False" />
            <line number="12" hits="7" branch="False" />
            <line number="14" hits="7" branch="False" />
            <line number="15" hits="7" branch="False" />
          </lines>
        </class>
        <class name="App.BLL.Services.OwnerService/&lt;&gt;c" filename="App.BLL\Services\OwnerService.cs" line-rate="0" branch-rate="1" complexity="1">
          <methods>
            <method name="&lt;AllAsync&gt;b__2_0" signature="(App.Domain.Owner)" line-rate="0" branch-rate="1" complexity="1">
              <lines>
                <line number="20" hits="0" branch="False" />
              </lines>
            </method>
          </methods>
          <lines>
            <line number="20" hits="0" branch="False" />
          </lines>
        </class>
        <class name="App.BLL.Services.OwnerService/&lt;AllAsync&gt;d__2" filename="App.BLL\Services\OwnerService.cs" line-rate="0" branch-rate="1" complexity="1">
          <methods>
            <method name="MoveNext" signature="()" line-rate="0" branch-rate="1" complexity="1">
              <lines>
                <line number="19" hits="0" branch="False" />
                <line number="21" hits="0" branch="False" />
              </lines>
            </method>
          </methods>
          <lines>
            <line number="19" hits="0" branch="False" />
            <line number="21" hits="0" branch="False" />
          </lines>
        </class>
        <class name="App.BLL.Services.OwnerService/&lt;EnsureForUserAsync&gt;d__9" filename="App.BLL\Services\OwnerService.cs" line-rate="1" branch-rate="1" complexity="2">
          <methods>
            <method name="MoveNext" signature="()" line-rate="1" branch-rate="1" complexity="2">
              <lines>
                <line number="66" hits="2" branch="False" />
                <line number="67" hits="2" branch="True" condition-coverage="100% (2/2)">
                  <conditions>
                    <condition number="129" type="jump" coverage="100%" />
                  </conditions>
                </line>
                <line number="68" hits="1" branch="False" />
                <line number="72" hits="1" branch="False" />
                <line number="73" hits="1" branch="False" />
                <line number="74" hits="1" branch="False" />
                <line number="75" hits="1" branch="False" />
                <line number="76" hits="1" branch="False" />
                <line number="77" hits="1" branch="False" />
                <line number="78" hits="1" branch="False" />
                <line number="79" hits="1" branch="False" />
                <line number="80" hits="2" branch="False" />
              </lines>
            </method>
          </methods>
          <lines>
            <line number="66" hits="2" branch="False" />
            <line number="67" hits="2" branch="True" condition-coverage="100% (2/2)">
              <conditions>
                <condition number="129" type="jump" coverage="100%" />
              </conditions>
            </line>
            <line number="68" hits="1" branch="False" />
            <line number="72" hits="1" branch="False" />
            <line number="73" hits="1" branch="False" />
            <line number="74" hits="1" branch="False" />
            <line number="75" hits="1" branch="False" />
            <line number="76" hits="1" branch="False" />
            <line number="77" hits="1" branch="False" />
            <line number="78" hits="1" branch="False" />
            <line number="79" hits="1" branch="False" />
            <line number="80" hits="2" branch="False" />
          </lines>
        </class>
        <class name="App.BLL.Services.OwnerService/&lt;ExistsAsync&gt;d__8" filename="App.BLL\Services\OwnerService.cs" line-rate="0" branch-rate="1" complexity="1">
          <methods>
            <method name="MoveNext" signature="()" line-rate="0" branch-rate="1" complexity="1">
              <lines>
                <line number="61" hits="0" branch="False" />
                <line number="62" hits="0" branch="False" />
              </lines>
            </method>
          </methods>
          <lines>
            <line number="61" hits="0" branch="False" />
            <line number="62" hits="0" branch="False" />
          </lines>
        </class>
        <class name="App.BLL.Services.OwnerService/&lt;FindAsync&gt;d__3" filename="App.BLL\Services\OwnerService.cs" line-rate="1" branch-rate="1" complexity="1">
          <methods>
            <method name="MoveNext" signature="()" line-rate="1" branch-rate="1" complexity="1">
              <lines>
                <line number="25" hits="1" branch="False" />
                <line number="26" hits="1" branch="False" />
              </lines>
            </method>
          </methods>
          <lines>
            <line number="25" hits="1" branch="False" />
            <line number="26" hits="1" branch="False" />
          </lines>
        </class>
        <class name="App.BLL.Services.OwnerService/&lt;FindByUserAsync&gt;d__4" filename="App.BLL\Services\OwnerService.cs" line-rate="1" branch-rate="1" complexity="1">
          <methods>
            <method name="MoveNext" signature="()" line-rate="1" branch-rate="1" complexity="1">
              <lines>
                <line number="30" hits="2" branch="False" />
                <line number="31" hits="2" branch="False" />
              </lines>
            </method>
          </methods>
          <lines>
            <line number="30" hits="2" branch="False" />
            <line number="31" hits="2" branch="False" />
          </lines>
        </class>
        <class name="App.BLL.Services.PaymentService" filename="App.BLL\Services\PaymentService.cs" line-rate="0.375" branch-rate="0" complexity="5">
          <methods>
            <method name="Add" signature="(App.BLL.DTO.BllPayment)" line-rate="0" branch-rate="1" complexity="1">
              <lines>
                <line number="64" hits="0" branch="False" />
                <line number="65" hits="0" branch="False" />
              </lines>
            </method>
            <method name="Update" signature="(App.BLL.DTO.BllPayment)" line-rate="0" branch-rate="0" complexity="2">
              <lines>
                <line number="71" hits="0" branch="True" condition-coverage="0% (0/2)">
                  <conditions>
                    <condition number="21" type="jump" coverage="0%" />
                  </conditions>
                </line>
              </lines>
            </method>
            <method name="Remove" signature="(App.BLL.DTO.BllPayment)" line-rate="0" branch-rate="1" complexity="1">
              <lines>
                <line number="94" hits="0" branch="False" />
                <line number="95" hits="0" branch="False" />
              </lines>
            </method>
            <method name=".ctor" signature="(App.DAL.Contracts.IAppUnitOfWork)" line-rate="1" branch-rate="1" complexity="1">
              <lines>
                <line number="13" hits="10" branch="False" />
                <line number="15" hits="10" branch="False" />
                <line number="16" hits="10" branch="False" />
              </lines>
            </method>
          </methods>
          <lines>
            <line number="64" hits="0" branch="False" />
            <line number="65" hits="0" branch="False" />
            <line number="71" hits="0" branch="True" condition-coverage="0% (0/2)">
              <conditions>
                <condition number="21" type="jump" coverage="0%" />
              </conditions>
            </line>
            <line number="94" hits="0" branch="False" />
            <line number="95" hits="0" branch="False" />
            <line number="13" hits="10" branch="False" />
            <line number="15" hits="10" branch="False" />
            <line number="16" hits="10" branch="False" />
          </lines>
        </class>
        <class name="App.BLL.Services.PaymentService/&lt;&gt;c" filename="App.BLL\Services\PaymentService.cs" line-rate="0.3333" branch-rate="1" complexity="3">
          <methods>
            <method name="&lt;AllAsync&gt;b__2_0" signature="(App.Domain.Payment)" line-rate="0" branch-rate="1" complexity="1">
              <lines>
                <line number="21" hits="0" branch="False" />
              </lines>
            </method>
            <method name="&lt;AllWithDetailsAsync&gt;b__3_0" signature="(App.Domain.Payment)" line-rate="0" branch-rate="1" complexity="1">
              <lines>
                <line number="27" hits="0" branch="False" />
              </lines>
            </method>
            <method name="&lt;AllByUserAsync&gt;b__4_0" signature="(App.Domain.Payment)" line-rate="1" branch-rate="1" complexity="1">
              <lines>
                <line number="33" hits="1" branch="False" />
              </lines>
            </method>
          </methods>
          <lines>
            <line number="21" hits="0" branch="False" />
            <line number="27" hits="0" branch="False" />
            <line number="33" hits="1" branch="False" />
          </lines>
        </class>
        <class name="App.BLL.Services.PaymentService/&lt;AllAsync&gt;d__2" filename="App.BLL\Services\PaymentService.cs" line-rate="0" branch-rate="1" complexity="1">
          <methods>
            <method name="MoveNext" signature="()" line-rate="0" branch-rate="1" complexity="1">
              <lines>
                <line number="20" hits="0" branch="False" />
                <line number="22" hits="0" branch="False" />
              </lines>
            </method>
          </methods>
          <lines>
            <line number="20" hits="0" branch="False" />
            <line number="22" hits="0" branch="False" />
          </lines>
        </class>
        <class name="App.BLL.Services.PaymentService/&lt;AllByUserAsync&gt;d__4" filename="App.BLL\Services\PaymentService.cs" line-rate="1" branch-rate="1" complexity="1">
          <methods>
            <method name="MoveNext" signature="()" line-rate="1" branch-rate="1" complexity="1">
              <lines>
                <line number="32" hits="1" branch="False" />
                <line number="34" hits="1" branch="False" />
              </lines>
            </method>
          </methods>
          <lines>
            <line number="32" hits="1" branch="False" />
            <line number="34" hits="1" branch="False" />
          </lines>
        </class>
        <class name="App.BLL.Services.PaymentService/&lt;AllWithDetailsAsync&gt;d__3" filename="App.BLL\Services\PaymentService.cs" line-rate="0" branch-rate="1" complexity="1">
          <methods>
            <method name="MoveNext" signature="()" line-rate="0" branch-rate="1" complexity="1">
              <lines>
                <line number="26" hits="0" branch="False" />
                <line number="28" hits="0" branch="False" />
              </lines>
            </method>
          </methods>
          <lines>
            <line number="26" hits="0" branch="False" />
            <line number="28" hits="0" branch="False" />
          </lines>
        </class>
        <class name="App.BLL.Services.PaymentService/&lt;CreateForServiceOrderAsync&gt;d__15" filename="App.BLL\Services\PaymentService.cs" line-rate="1" branch-rate="0.7" complexity="10">
          <methods>
            <method name="MoveNext" signature="()" line-rate="1" branch-rate="0.7" complexity="10">
              <lines>
                <line number="107" hits="3" branch="False" />
                <line number="108" hits="3" branch="True" condition-coverage="100% (2/2)">
                  <conditions>
                    <condition number="150" type="jump" coverage="100%" />
                  </conditions>
                </line>
                <line number="109" hits="1" branch="False" />
                <line number="111" hits="2" branch="True" condition-coverage="100% (2/2)">
                  <conditions>
                    <condition number="279" type="jump" coverage="100%" />
                  </conditions>
                </line>
                <line number="112" hits="1" branch="False" />
                <line number="114" hits="1" branch="False" />
                <line number="115" hits="1" branch="False" />
                <line number="116" hits="1" branch="False" />
                <line number="117" hits="1" branch="False" />
                <line number="118" hits="1" branch="False" />
                <line number="119" hits="1" branch="False" />
                <line number="120" hits="1" branch="False" />
                <line number="121" hits="1" branch="False" />
                <line number="122" hits="1" branch="False" />
                <line number="123" hits="1" branch="False" />
                <line number="126" hits="1" branch="False" />
                <line number="127" hits="1" branch="True" condition-coverage="50% (1/2)">
                  <conditions>
                    <condition number="395" type="jump" coverage="50%" />
                  </conditions>
                </line>
                <line number="128" hits="1" branch="True" condition-coverage="50% (1/2)">
                  <conditions>
                    <condition number="438" type="jump" coverage="50%" />
                  </conditions>
                </line>
                <line number="129" hits="1" branch="False" />
                <line number="130" hits="1" branch="False" />
                <line number="131" hits="1" branch="True" condition-coverage="50% (1/2)">
                  <conditions>
                    <condition number="583" type="jump" coverage="50%" />
                  </conditions>
                </line>
                <line number="133" hits="1" branch="False" />
                <line number="134" hits="3" branch="False" />
              </lines>
            </method>
          </methods>
          <lines>
            <line number="107" hits="3" branch="False" />
            <line number="108" hits="3" branch="True" condition-coverage="100% (2/2)">
              <conditions>
                <condition number="150" type="jump" coverage="100%" />
              </conditions>
            </line>
            <line number="109" hits="1" branch="False" />
            <line number="111" hits="2" branch="True" condition-coverage="100% (2/2)">
              <conditions>
                <condition number="279" type="jump" coverage="100%" />
              </conditions>
            </line>
            <line number="112" hits="1" branch="False" />
            <line number="114" hits="1" branch="False" />
            <line number="115" hits="1" branch="False" />
            <line number="116" hits="1" branch="False" />
            <line number="117" hits="1" branch="False" />
            <line number="118" hits="1" branch="False" />
            <line number="119" hits="1" branch="False" />
            <line number="120" hits="1" branch="False" />
            <line number="121" hits="1" branch="False" />
            <line number="122" hits="1" branch="False" />
            <line number="123" hits="1" branch="False" />
            <line number="126" hits="1" branch="False" />
            <line number="127" hits="1" branch="True" condition-coverage="50% (1/2)">
              <conditions>
                <condition number="395" type="jump" coverage="50%" />
              </conditions>
            </line>
            <line number="128" hits="1" branch="True" condition-coverage="50% (1/2)">
              <conditions>
                <condition number="438" type="jump" coverage="50%" />
              </conditions>
            </line>
            <line number="129" hits="1" branch="False" />
            <line number="130" hits="1" branch="False" />
            <line number="131" hits="1" branch="True" condition-coverage="50% (1/2)">
              <conditions>
                <condition number="583" type="jump" coverage="50%" />
              </conditions>
            </line>
            <line number="133" hits="1" branch="False" />
            <line number="134" hits="3" branch="False" />
          </lines>
        </class>
        <class name="App.BLL.Services.PaymentService/&lt;ExistsAsync&gt;d__14" filename="App.BLL\Services\PaymentService.cs" line-rate="0" branch-rate="1" complexity="1">
          <methods>
            <method name="MoveNext" signature="()" line-rate="0" branch-rate="1" complexity="1">
              <lines>
                <line number="99" hits="0" branch="False" />
                <line number="100" hits="0" branch="False" />
              </lines>
            </method>
          </methods>
          <lines>
            <line number="99" hits="0" branch="False" />
            <line number="100" hits="0" branch="False" />
          </lines>
        </class>
        <class name="App.BLL.Services.PaymentService/&lt;FindAsync&gt;d__5" filename="App.BLL\Services\PaymentService.cs" line-rate="0" branch-rate="1" complexity="1">
          <methods>
            <method name="MoveNext" signature="()" line-rate="0" branch-rate="1" complexity="1">
              <lines>
                <line number="38" hits="0" branch="False" />
                <line number="39" hits="0" branch="False" />
              </lines>
            </method>
          </methods>
          <lines>
            <line number="38" hits="0" branch="False" />
            <line number="39" hits="0" branch="False" />
          </lines>
        </class>
        <class name="App.BLL.Services.PaymentService/&lt;FindByServiceOrderAsync&gt;d__8" filename="App.BLL\Services\PaymentService.cs" line-rate="1" branch-rate="1" complexity="1">
          <methods>
            <method name="MoveNext" signature="()" line-rate="1" branch-rate="1" complexity="1">
              <lines>
                <line number="53" hits="2" branch="False" />
                <line number="54" hits="2" branch="False" />
              </lines>
            </method>
          </methods>
          <lines>
            <line number="53" hits="2" branch="False" />
            <line number="54" hits="2" branch="False" />
          </lines>
        </class>
        <class name="App.BLL.Services.PaymentService/&lt;FindByServiceOrderForUserAsync&gt;d__9" filename="App.BLL\Services\PaymentService.cs" line-rate="0" branch-rate="1" complexity="1">
          <methods>
            <method name="MoveNext" signature="()" line-rate="0" branch-rate="1" complexity="1">
              <lines>
                <line number="58" hits="0" branch="False" />
                <line number="59" hits="0" branch="False" />
              </lines>
            </method>
          </methods>
          <lines>
            <line number="58" hits="0" branch="False" />
            <line number="59" hits="0" branch="False" />
          </lines>
        </class>
        <class name="App.BLL.Services.PaymentService/&lt;FindWithDetailsAsync&gt;d__6" filename="App.BLL\Services\PaymentService.cs" line-rate="0" branch-rate="1" complexity="1">
          <methods>
            <method name="MoveNext" signature="()" line-rate="0" branch-rate="1" complexity="1">
              <lines>
                <line number="43" hits="0" branch="False" />
                <line number="44" hits="0" branch="False" />
              </lines>
            </method>
          </methods>
          <lines>
            <line number="43" hits="0" branch="False" />
            <line number="44" hits="0" branch="False" />
          </lines>
        </class>
        <class name="App.BLL.Services.PaymentService/&lt;FindWithDetailsForUserAsync&gt;d__7" filename="App.BLL\Services\PaymentService.cs" line-rate="0" branch-rate="1" complexity="1">
          <methods>
            <method name="MoveNext" signature="()" line-rate="0" branch-rate="1" complexity="1">
              <lines>
                <line number="48" hits="0" branch="False" />
                <line number="49" hits="0" branch="False" />
              </lines>
            </method>
          </methods>
          <lines>
            <line number="48" hits="0" branch="False" />
            <line number="49" hits="0" branch="False" />
          </lines>
        </class>
        <class name="App.BLL.Services.PaymentService/&lt;MarkAsPaidAsync&gt;d__16" filename="App.BLL\Services\PaymentService.cs" line-rate="1" branch-rate="1" complexity="2">
          <methods>
            <method name="MoveNext" signature="()" line-rate="1" branch-rate="1" complexity="2">
              <lines>
                <line number="138" hits="2" branch="False" />
                <line number="139" hits="3" branch="True" condition-coverage="100% (2/2)">
                  <conditions>
                    <condition number="126" type="jump" coverage="100%" />
                  </conditions>
                </line>
                <line number="141" hits="1" branch="False" />
                <line number="142" hits="1" branch="False" />
                <line number="143" hits="1" branch="False" />
                <line number="144" hits="1" branch="False" />
                <line number="145" hits="2" branch="False" />
              </lines>
            </method>
          </methods>
          <lines>
            <line number="138" hits="2" branch="False" />
            <line number="139" hits="3" branch="True" condition-coverage="100% (2/2)">
              <conditions>
                <condition number="126" type="jump" coverage="100%" />
              </conditions>
            </line>
            <line number="141" hits="1" branch="False" />
            <line number="142" hits="1" branch="False" />
            <line number="143" hits="1" branch="False" />
            <line number="144" hits="1" branch="False" />
            <line number="145" hits="2" branch="False" />
          </lines>
        </class>
        <class name="App.BLL.Services.PaymentService/&lt;UpdateAsync&gt;d__12" filename="App.BLL\Services\PaymentService.cs" line-rate="1" branch-rate="1" complexity="2">
          <methods>
            <method name="MoveNext" signature="()" line-rate="1" branch-rate="1" complexity="2">
              <lines>
                <line number="77" hits="2" branch="False" />
                <line number="78" hits="3" branch="True" condition-coverage="100% (2/2)">
                  <conditions>
                    <condition number="134" type="jump" coverage="100%" />
                  </conditions>
                </line>
                <line number="80" hits="1" branch="False" />
                <line number="81" hits="1" branch="False" />
                <line number="82" hits="1" branch="False" />
                <line number="83" hits="1" branch="False" />
                <line number="84" hits="1" branch="False" />
                <line number="85" hits="1" branch="False" />
                <line number="87" hits="1" branch="False" />
                <line number="88" hits="1" branch="False" />
                <line number="89" hits="2" branch="False" />
              </lines>
            </method>
          </methods>
          <lines>
            <line number="77" hits="2" branch="False" />
            <line number="78" hits="3" branch="True" condition-coverage="100% (2/2)">
              <conditions>
                <condition number="134" type="jump" coverage="100%" />
              </conditions>
            </line>
            <line number="80" hits="1" branch="False" />
            <line number="81" hits="1" branch="False" />
            <line number="82" hits="1" branch="False" />
            <line number="83" hits="1" branch="False" />
            <line number="84" hits="1" branch="False" />
            <line number="85" hits="1" branch="False" />
            <line number="87" hits="1" branch="False" />
            <line number="88" hits="1" branch="False" />
            <line number="89" hits="2" branch="False" />
          </lines>
        </class>
        <class name="App.BLL.Services.RefreshTokenService" filename="App.BLL\Services\RefreshTokenService.cs" line-rate="1" branch-rate="1" complexity="2">
          <methods>
            <method name="AddForUser" signature="(System.Guid)" line-rate="1" branch-rate="1" complexity="1">
              <lines>
                <line number="24" hits="1" branch="False" />
                <line number="25" hits="1" branch="False" />
                <line number="26" hits="1" branch="False" />
                <line number="27" hits="1" branch="False" />
                <line number="29" hits="1" branch="False" />
              </lines>
            </method>
            <method name=".ctor" signature="(App.DAL.Contracts.IAppUnitOfWork)" line-rate="1" branch-rate="1" complexity="1">
              <lines>
                <line number="11" hits="6" branch="False" />
                <line number="13" hits="6" branch="False" />
                <line number="14" hits="6" branch="False" />
              </lines>
            </method>
          </methods>
          <lines>
            <line number="24" hits="1" branch="False" />
            <line number="25" hits="1" branch="False" />
            <line number="26" hits="1" branch="False" />
            <line number="27" hits="1" branch="False" />
            <line number="29" hits="1" branch="False" />
            <line number="11" hits="6" branch="False" />
            <line number="13" hits="6" branch="False" />
            <line number="14" hits="6" branch="False" />
          </lines>
        </class>
        <class name="App.BLL.Services.RefreshTokenService/&lt;RemoveExpiredForUserAsync&gt;d__2" filename="App.BLL\Services\RefreshTokenService.cs" line-rate="1" branch-rate="1" complexity="1">
          <methods>
            <method name="MoveNext" signature="()" line-rate="1" branch-rate="1" complexity="1">
              <lines>
                <line number="18" hits="1" branch="False" />
                <line number="19" hits="1" branch="False" />
              </lines>
            </method>
          </methods>
          <lines>
            <line number="18" hits="1" branch="False" />
            <line number="19" hits="1" branch="False" />
          </lines>
        </class>
        <class name="App.BLL.Services.RefreshTokenService/&lt;RemoveForLogoutAsync&gt;d__5" filename="App.BLL\Services\RefreshTokenService.cs" line-rate="1" branch-rate="1" complexity="1">
          <methods>
            <method name="MoveNext" signature="()" line-rate="1" branch-rate="1" complexity="1">
              <lines>
                <line number="65" hits="1" branch="False" />
                <line number="66" hits="1" branch="False" />
              </lines>
            </method>
          </methods>
          <lines>
            <line number="65" hits="1" branch="False" />
            <line number="66" hits="1" branch="False" />
          </lines>
        </class>
        <class name="App.BLL.Services.RefreshTokenService/&lt;RotateForRefreshAsync&gt;d__4" filename="App.BLL\Services\RefreshTokenService.cs" line-rate="1" branch-rate="1" complexity="6">
          <methods>
            <method name="MoveNext" signature="()" line-rate="1" branch-rate="1" complexity="6">
              <lines>
                <line number="35" hits="3" branch="False" />
                <line number="36" hits="3" branch="True" condition-coverage="100% (2/2)">
                  <conditions>
                    <condition number="163" type="jump" coverage="100%" />
                  </conditions>
                </line>
                <line number="37" hits="3" branch="False" />
                <line number="38" hits="3" branch="False" />
                <line number="39" hits="3" branch="False" />
                <line number="40" hits="3" branch="False" />
                <line number="42" hits="3" branch="True" condition-coverage="100% (2/2)">
                  <conditions>
                    <condition number="201" type="jump" coverage="100%" />
                  </conditions>
                </line>
                <line number="44" hits="2" branch="False" />
                <line number="47" hits="1" branch="False" />
                <line number="48" hits="1" branch="True" condition-coverage="100% (2/2)">
                  <conditions>
                    <condition number="237" type="jump" coverage="100%" />
                  </conditions>
                </line>
                <line number="50" hits="1" branch="False" />
                <line number="51" hits="1" branch="False" />
                <line number="53" hits="1" branch="False" />
                <line number="54" hits="1" branch="False" />
                <line number="55" hits="1" branch="False" />
                <line number="58" hits="1" branch="False" />
                <line number="59" hits="1" branch="False" />
                <line number="60" hits="3" branch="False" />
              </lines>
            </method>
          </methods>
          <lines>
            <line number="35" hits="3" branch="False" />
            <line number="36" hits="3" branch="True" condition-coverage="100% (2/2)">
              <conditions>
                <condition number="163" type="jump" coverage="100%" />
              </conditions>
            </line>
            <line number="37" hits="3" branch="False" />
            <line number="38" hits="3" branch="False" />
            <line number="39" hits="3" branch="False" />
            <line number="40" hits="3" branch="False" />
            <line number="42" hits="3" branch="True" condition-coverage="100% (2/2)">
              <conditions>
                <condition number="201" type="jump" coverage="100%" />
              </conditions>
            </line>
            <line number="44" hits="2" branch="False" />
            <line number="47" hits="1" branch="False" />
            <line number="48" hits="1" branch="True" condition-coverage="100% (2/2)">
              <conditions>
                <condition number="237" type="jump" coverage="100%" />
              </conditions>
            </line>
            <line number="50" hits="1" branch="False" />
            <line number="51" hits="1" branch="False" />
            <line number="53" hits="1" branch="False" />
            <line number="54" hits="1" branch="False" />
            <line number="55" hits="1" branch="False" />
            <line number="58" hits="1" branch="False" />
            <line number="59" hits="1" branch="False" />
            <line number="60" hits="3" branch="False" />
          </lines>
        </class>
        <class name="App.BLL.Services.RepairPhotoService" filename="App.BLL\Services\RepairPhotoService.cs" line-rate="0.7" branch-rate="0" complexity="6">
          <methods>
            <method name="Add" signature="(App.BLL.DTO.BllRepairPhoto)" line-rate="1" branch-rate="1" complexity="1">
              <lines>
                <line number="85" hits="1" branch="False" />
                <line number="86" hits="1" branch="False" />
              </lines>
            </method>
            <method name="AddUploaded" signature="(App.BLL.DTO.BllRepairPhoto)" line-rate="1" branch-rate="1" complexity="1">
              <lines>
                <line number="91" hits="1" branch="False" />
                <line number="92" hits="1" branch="False" />
              </lines>
            </method>
            <method name="Update" signature="(App.BLL.DTO.BllRepairPhoto)" line-rate="0" branch-rate="0" complexity="2">
              <lines>
                <line number="97" hits="0" branch="True" condition-coverage="0% (0/2)">
                  <conditions>
                    <condition number="21" type="jump" coverage="0%" />
                  </conditions>
                </line>
              </lines>
            </method>
            <method name="Remove" signature="(App.BLL.DTO.BllRepairPhoto)" line-rate="0" branch-rate="1" complexity="1">
              <lines>
                <line number="117" hits="0" branch="False" />
                <line number="118" hits="0" branch="False" />
              </lines>
            </method>
            <method name=".ctor" signature="(App.DAL.Contracts.IAppUnitOfWork)" line-rate="1" branch-rate="1" complexity="1">
              <lines>
                <line number="11" hits="13" branch="False" />
                <line number="13" hits="13" branch="False" />
                <line number="14" hits="13" branch="False" />
              </lines>
            </method>
          </methods>
          <lines>
            <line number="85" hits="1" branch="False" />
            <line number="86" hits="1" branch="False" />
            <line number="91" hits="1" branch="False" />
            <line number="92" hits="1" branch="False" />
            <line number="97" hits="0" branch="True" condition-coverage="0% (0/2)">
              <conditions>
                <condition number="21" type="jump" coverage="0%" />
              </conditions>
            </line>
            <line number="117" hits="0" branch="False" />
            <line number="118" hits="0" branch="False" />
            <line number="11" hits="13" branch="False" />
            <line number="13" hits="13" branch="False" />
            <line number="14" hits="13" branch="False" />
          </lines>
        </class>
        <class name="App.BLL.Services.RepairPhotoService/&lt;&gt;c" filename="App.BLL\Services\RepairPhotoService.cs" line-rate="0.5" branch-rate="1" complexity="2">
          <methods>
            <method name="&lt;AllAsync&gt;b__2_0" signature="(App.Domain.RepairPhoto)" line-rate="0" branch-rate="1" complexity="1">
              <lines>
                <line number="19" hits="0" branch="False" />
              </lines>
            </method>
            <method name="&lt;AllForApiAsync&gt;b__3_0" signature="(App.Domain.RepairPhoto)" line-rate="1" branch-rate="1" complexity="1">
              <lines>
                <line number="25" hits="8" branch="False" />
              </lines>
            </method>
          </methods>
          <lines>
            <line number="19" hits="0" branch="False" />
            <line number="25" hits="8" branch="False" />
          </lines>
        </class>
        <class name="App.BLL.Services.RepairPhotoService/&lt;&gt;c__DisplayClass3_0" filename="App.BLL\Services\RepairPhotoService.cs" line-rate="1" branch-rate="0.5" complexity="2">
          <methods>
            <method name="&lt;AllForApiAsync&gt;b__1" signature="(App.BLL.DTO.BllRepairPhoto)" line-rate="1" branch-rate="0.5" complexity="2">
              <lines>
                <line number="38" hits="3" branch="True" condition-coverage="50% (1/2)">
                  <conditions>
                    <condition number="26" type="jump" coverage="50%" />
                  </conditions>
                </line>
              </lines>
            </method>
          </methods>
          <lines>
            <line number="38" hits="3" branch="True" condition-coverage="50% (1/2)">
              <conditions>
                <condition number="26" type="jump" coverage="50%" />
              </conditions>
            </line>
          </lines>
        </class>
        <class name="App.BLL.Services.RepairPhotoService/&lt;AllAsync&gt;d__2" filename="App.BLL\Services\RepairPhotoService.cs" line-rate="0" branch-rate="1" complexity="1">
          <methods>
            <method name="MoveNext" signature="()" line-rate="0" branch-rate="1" complexity="1">
              <lines>
                <line number="18" hits="0" branch="False" />
                <line number="20" hits="0" branch="False" />
              </lines>
            </method>
          </methods>
          <lines>
            <line number="18" hits="0" branch="False" />
            <line number="20" hits="0" branch="False" />
          </lines>
        </class>
        <class name="App.BLL.Services.RepairPhotoService/&lt;AllForApiAsync&gt;d__3" filename="App.BLL\Services\RepairPhotoService.cs" line-rate="1" branch-rate="1" complexity="4">
          <methods>
            <method name="MoveNext" signature="()" line-rate="1" branch-rate="1" complexity="4">
              <lines>
                <line number="24" hits="3" branch="False" />
                <line number="27" hits="3" branch="True" condition-coverage="100% (2/2)">
                  <conditions>
                    <condition number="207" type="jump" coverage="100%" />
                  </conditions>
                </line>
                <line number="29" hits="1" branch="False" />
                <line number="32" hits="2" branch="False" />
                <line number="33" hits="2" branch="True" condition-coverage="100% (2/2)">
                  <conditions>
                    <condition number="357" type="jump" coverage="100%" />
                  </conditions>
                </line>
                <line number="35" hits="1" branch="False" />
                <line number="39" hits="3" branch="False" />
              </lines>
            </method>
          </methods>
          <lines>
            <line number="24" hits="3" branch="False" />
            <line number="27" hits="3" branch="True" condition-coverage="100% (2/2)">
              <conditions>
                <condition number="207" type="jump" coverage="100%" />
              </conditions>
            </line>
            <line number="29" hits="1" branch="False" />
            <line number="32" hits="2" branch="False" />
            <line number="33" hits="2" branch="True" condition-coverage="100% (2/2)">
              <conditions>
                <condition number="357" type="jump" coverage="100%" />
              </conditions>
            </line>
            <line number="35" hits="1" branch="False" />
            <line number="39" hits="3" branch="False" />
          </lines>
        </class>
        <class name="App.BLL.Services.RepairPhotoService/&lt;ExistsAsync&gt;d__13" filename="App.BLL\Services\RepairPhotoService.cs" line-rate="0" branch-rate="1" complexity="1">
          <methods>
            <method name="MoveNext" signature="()" line-rate="0" branch-rate="1" complexity="1">
              <lines>
                <line number="138" hits="0" branch="False" />
                <line number="139" hits="0" branch="False" />
              </lines>
            </method>
          </methods>
          <lines>
            <line number="138" hits="0" branch="False" />
            <line number="139" hits="0" branch="False" />
          </lines>
        </class>
        <class name="App.BLL.Services.RepairPhotoService/&lt;FindAsync&gt;d__4" filename="App.BLL\Services\RepairPhotoService.cs" line-rate="0" branch-rate="1" complexity="1">
          <methods>
            <method name="MoveNext" signature="()" line-rate="0" branch-rate="1" complexity="1">
              <lines>
                <line number="43" hits="0" branch="False" />
                <line number="44" hits="0" branch="False" />
              </lines>
            </method>
          </methods>
          <lines>
            <line number="43" hits="0" branch="False" />
            <line number="44" hits="0" branch="False" />
          </lines>
        </class>
        <class name="App.BLL.Services.RepairPhotoService/&lt;FindForApiAsync&gt;d__5" filename="App.BLL\Services\RepairPhotoService.cs" line-rate="0.8887999999999999" branch-rate="0.6" complexity="10">
          <methods>
            <method name="MoveNext" signature="()" line-rate="0.8887999999999999" branch-rate="0.6" complexity="10">
              <lines>
                <line number="48" hits="3" branch="False" />
                <line number="49" hits="4" branch="True" condition-coverage="100% (2/2)">
                  <conditions>
                    <condition number="155" type="jump" coverage="100%" />
                  </conditions>
                </line>
                <line number="51" hits="2" branch="True" condition-coverage="100% (2/2)">
                  <conditions>
                    <condition number="177" type="jump" coverage="100%" />
                  </conditions>
                </line>
                <line number="53" hits="1" branch="False" />
                <line number="56" hits="1" branch="False" />
                <line number="57" hits="1" branch="True" condition-coverage="33.33% (2/6)">
                  <conditions>
                    <condition number="303" type="jump" coverage="50%" />
                    <condition number="333" type="jump" coverage="0%" />
                    <condition number="352" type="jump" coverage="50%" />
                  </conditions>
                </line>
                <line number="59" hits="1" branch="False" />
                <line number="62" hits="0" branch="False" />
                <line number="63" hits="3" branch="False" />
              </lines>
            </method>
          </methods>
          <lines>
            <line number="48" hits="3" branch="False" />
            <line number="49" hits="4" branch="True" condition-coverage="100% (2/2)">
              <conditions>
                <condition number="155" type="jump" coverage="100%" />
              </conditions>
            </line>
            <line number="51" hits="2" branch="True" condition-coverage="100% (2/2)">
              <conditions>
                <condition number="177" type="jump" coverage="100%" />
              </conditions>
            </line>
            <line number="53" hits="1" branch="False" />
            <line number="56" hits="1" branch="False" />
            <line number="57" hits="1" branch="True" condition-coverage="33.33% (2/6)">
              <conditions>
                <condition number="303" type="jump" coverage="50%" />
                <condition number="333" type="jump" coverage="0%" />
                <condition number="352" type="jump" coverage="50%" />
              </conditions>
            </line>
            <line number="59" hits="1" branch="False" />
            <line number="62" hits="0" branch="False" />
            <line number="63" hits="3" branch="False" />
          </lines>
        </class>
        <class name="App.BLL.Services.RepairPhotoService/&lt;RemoveForApiAsync&gt;d__12" filename="App.BLL\Services\RepairPhotoService.cs" line-rate="1" branch-rate="1" complexity="2">
          <methods>
            <method name="MoveNext" signature="()" line-rate="1" branch-rate="1" complexity="2">
              <lines>
                <line number="122" hits="2" branch="False" />
                <line number="123" hits="2" branch="True" condition-coverage="100% (2/2)">
                  <conditions>
                    <condition number="129" type="jump" coverage="100%" />
                  </conditions>
                </line>
                <line number="125" hits="1" branch="False" />
                <line number="128" hits="1" branch="False" />
                <line number="130" hits="1" branch="False" />
                <line number="131" hits="1" branch="False" />
                <line number="132" hits="1" branch="False" />
                <line number="133" hits="1" branch="False" />
                <line number="134" hits="2" branch="False" />
              </lines>
            </method>
          </methods>
          <lines>
            <line number="122" hits="2" branch="False" />
            <line number="123" hits="2" branch="True" condition-coverage="100% (2/2)">
              <conditions>
                <condition number="129" type="jump" coverage="100%" />
              </conditions>
            </line>
            <line number="125" hits="1" branch="False" />
            <line number="128" hits="1" branch="False" />
            <line number="130" hits="1" branch="False" />
            <line number="131" hits="1" branch="False" />
            <line number="132" hits="1" branch="False" />
            <line number="133" hits="1" branch="False" />
            <line number="134" hits="2" branch="False" />
          </lines>
        </class>
        <class name="App.BLL.Services.RepairPhotoService/&lt;UpdateAsync&gt;d__10" filename="App.BLL\Services\RepairPhotoService.cs" line-rate="0.3333" branch-rate="0.5" complexity="2">
          <methods>
            <method name="MoveNext" signature="()" line-rate="0.3333" branch-rate="0.5" complexity="2">
              <lines>
                <line number="102" hits="1" branch="False" />
                <line number="103" hits="2" branch="True" condition-coverage="50% (1/2)">
                  <conditions>
                    <condition number="134" type="jump" coverage="50%" />
                  </conditions>
                </line>
                <line number="105" hits="0" branch="False" />
                <line number="106" hits="0" branch="False" />
                <line number="107" hits="0" branch="False" />
                <line number="108" hits="0" branch="False" />
                <line number="110" hits="0" branch="False" />
                <line number="111" hits="0" branch="False" />
                <line number="112" hits="1" branch="False" />
              </lines>
            </method>
          </methods>
          <lines>
            <line number="102" hits="1" branch="False" />
            <line number="103" hits="2" branch="True" condition-coverage="50% (1/2)">
              <conditions>
                <condition number="134" type="jump" coverage="50%" />
              </conditions>
            </line>
            <line number="105" hits="0" branch="False" />
            <line number="106" hits="0" branch="False" />
            <line number="107" hits="0" branch="False" />
            <line number="108" hits="0" branch="False" />
            <line number="110" hits="0" branch="False" />
            <line number="111" hits="0" branch="False" />
            <line number="112" hits="1" branch="False" />
          </lines>
        </class>
        <class name="App.BLL.Services.RepairPhotoService/&lt;ValidateUploadAsync&gt;d__6" filename="App.BLL\Services\RepairPhotoService.cs" line-rate="1" branch-rate="1" complexity="4">
          <methods>
            <method name="MoveNext" signature="()" line-rate="1" branch-rate="1" complexity="4">
              <lines>
                <line number="67" hits="3" branch="False" />
                <line number="68" hits="3" branch="True" condition-coverage="100% (2/2)">
                  <conditions>
                    <condition number="131" type="jump" coverage="100%" />
                  </conditions>
                </line>
                <line number="70" hits="1" branch="False" />
                <line number="73" hits="2" branch="False" />
                <line number="74" hits="2" branch="True" condition-coverage="100% (2/2)">
                  <conditions>
                    <condition number="264" type="jump" coverage="100%" />
                  </conditions>
                </line>
                <line number="76" hits="1" branch="False" />
                <line number="79" hits="1" branch="False" />
                <line number="80" hits="3" branch="False" />
              </lines>
            </method>
          </methods>
          <lines>
            <line number="67" hits="3" branch="False" />
            <line number="68" hits="3" branch="True" condition-coverage="100% (2/2)">
              <conditions>
                <condition number="131" type="jump" coverage="100%" />
              </conditions>
            </line>
            <line number="70" hits="1" branch="False" />
            <line number="73" hits="2" branch="False" />
            <line number="74" hits="2" branch="True" condition-coverage="100% (2/2)">
              <conditions>
                <condition number="264" type="jump" coverage="100%" />
              </conditions>
            </line>
            <line number="76" hits="1" branch="False" />
            <line number="79" hits="1" branch="False" />
            <line number="80" hits="3" branch="False" />
          </lines>
        </class>
        <class name="App.BLL.Services.ServiceOrderPartService" filename="App.BLL\Services\ServiceOrderPartService.cs" line-rate="0.375" branch-rate="0" complexity="5">
          <methods>
            <method name="Add" signature="(App.BLL.DTO.BllServiceOrderPart)" line-rate="0" branch-rate="1" complexity="1">
              <lines>
                <line number="68" hits="0" branch="False" />
                <line number="69" hits="0" branch="False" />
              </lines>
            </method>
            <method name="Update" signature="(App.BLL.DTO.BllServiceOrderPart)" line-rate="0" branch-rate="0" complexity="2">
              <lines>
                <line number="114" hits="0" branch="True" condition-coverage="0% (0/2)">
                  <conditions>
                    <condition number="21" type="jump" coverage="0%" />
                  </conditions>
                </line>
              </lines>
            </method>
            <method name="Remove" signature="(App.BLL.DTO.BllServiceOrderPart)" line-rate="0" branch-rate="1" complexity="1">
              <lines>
                <line number="169" hits="0" branch="False" />
                <line number="170" hits="0" branch="False" />
              </lines>
[...]
            <line number="56" hits="0" branch="False" />
            <line number="62" hits="0" branch="False" />
            <line number="68" hits="0" branch="False" />
            <line number="74" hits="0" branch="False" />
            <line number="80" hits="0" branch="False" />
            <line number="86" hits="0" branch="False" />
            <line number="92" hits="0" branch="False" />
            <line number="98" hits="0" branch="False" />
            <line number="104" hits="0" branch="False" />
            <line number="110" hits="0" branch="False" />
            <line number="116" hits="0" branch="False" />
            <line number="122" hits="0" branch="False" />
            <line number="128" hits="0" branch="False" />
            <line number="134" hits="0" branch="False" />
            <line number="140" hits="0" branch="False" />
            <line number="146" hits="0" branch="False" />
            <line number="152" hits="0" branch="False" />
            <line number="158" hits="0" branch="False" />
            <line number="164" hits="0" branch="False" />
            <line number="170" hits="0" branch="False" />
            <line number="176" hits="0" branch="False" />
            <line number="182" hits="0" branch="False" />
            <line number="188" hits="0" branch="False" />
            <line number="194" hits="0" branch="False" />
            <line number="200" hits="0" branch="False" />
            <line number="206" hits="0" branch="False" />
            <line number="212" hits="0" branch="False" />
            <line number="218" hits="0" branch="False" />
            <line number="224" hits="0" branch="False" />
            <line number="230" hits="0" branch="False" />
            <line number="236" hits="0" branch="False" />
            <line number="24" hits="0" branch="False" />
            <line number="25" hits="0" branch="False" />
          </lines>
        </class>
        <class name="App.Resources.Views.Home" filename="App.Resources\Views\Home.Designer.cs" line-rate="0" branch-rate="0" complexity="6">
          <methods>
            <method name="get_ResourceManager" signature="()" line-rate="0" branch-rate="0" complexity="2">
              <lines>
                <line number="30" hits="0" branch="True" condition-coverage="0% (0/2)">
                  <conditions>
                    <condition number="11" type="jump" coverage="0%" />
                  </conditions>
                </line>
                <line number="31" hits="0" branch="False" />
                <line number="32" hits="0" branch="False" />
                <line number="34" hits="0" branch="False" />
              </lines>
            </method>
            <method name="get_Culture" signature="()" line-rate="0" branch-rate="1" complexity="1">
              <lines>
                <line number="41" hits="0" branch="False" />
              </lines>
            </method>
            <method name="set_Culture" signature="(System.Globalization.CultureInfo)" line-rate="0" branch-rate="1" complexity="1">
              <lines>
                <line number="44" hits="0" branch="False" />
                <line number="45" hits="0" branch="False" />
              </lines>
            </method>
            <method name="get_User" signature="()" line-rate="0" branch-rate="1" complexity="1">
              <lines>
                <line number="50" hits="0" branch="False" />
              </lines>
            </method>
            <method name=".ctor" signature="()" line-rate="0" branch-rate="1" complexity="1">
              <lines>
                <line number="24" hits="0" branch="False" />
                <line number="25" hits="0" branch="False" />
              </lines>
            </method>
          </methods>
          <lines>
            <line number="30" hits="0" branch="True" condition-coverage="0% (0/2)">
              <conditions>
                <condition number="11" type="jump" coverage="0%" />
              </conditions>
            </line>
            <line number="31" hits="0" branch="False" />
            <line number="32" hits="0" branch="False" />
            <line number="34" hits="0" branch="False" />
            <line number="41" hits="0" branch="False" />
            <line number="44" hits="0" branch="False" />
            <line number="45" hits="0" branch="False" />
            <line number="50" hits="0" branch="False" />
            <line number="24" hits="0" branch="False" />
            <line number="25" hits="0" branch="False" />
          </lines>
        </class>
        <class name="App.Resources.Domain.Person" filename="App.Resources\Domain\Person.Designer.cs" line-rate="0" branch-rate="0" complexity="10">
          <methods>
            <method name="get_ResourceManager" signature="()" line-rate="0" branch-rate="0" complexity="2">
              <lines>
                <line number="30" hits="0" branch="True" condition-coverage="0% (0/2)">
                  <conditions>
                    <condition number="11" type="jump" coverage="0%" />
                  </conditions>
                </line>
                <line number="31" hits="0" branch="False" />
                <line number="32" hits="0" branch="False" />
                <line number="34" hits="0" branch="False" />
              </lines>
            </method>
            <method name="get_Culture" signature="()" line-rate="0" branch-rate="1" complexity="1">
              <lines>
                <line number="41" hits="0" branch="False" />
              </lines>
            </method>
            <method name="set_Culture" signature="(System.Globalization.CultureInfo)" line-rate="0" branch-rate="1" complexity="1">
              <lines>
                <line number="44" hits="0" branch="False" />
                <line number="45" hits="0" branch="False" />
              </lines>
            </method>
            <method name="get_FirstName" signature="()" line-rate="0" branch-rate="1" complexity="1">
              <lines>
                <line number="50" hits="0" branch="False" />
              </lines>
            </method>
            <method name="get_LastName" signature="()" line-rate="0" branch-rate="1" complexity="1">
              <lines>
                <line number="56" hits="0" branch="False" />
              </lines>
            </method>
            <method name="get_AppUser" signature="()" line-rate="0" branch-rate="1" complexity="1">
              <lines>
                <line number="62" hits="0" branch="False" />
              </lines>
            </method>
            <method name="get_Company" signature="()" line-rate="0" branch-rate="1" complexity="1">
              <lines>
                <line number="68" hits="0" branch="False" />
              </lines>
            </method>
            <method name="get_Contacts" signature="()" line-rate="0" branch-rate="1" complexity="1">
              <lines>
                <line number="74" hits="0" branch="False" />
              </lines>
            </method>
            <method name=".ctor" signature="()" line-rate="0" branch-rate="1" complexity="1">
              <lines>
                <line number="24" hits="0" branch="False" />
                <line number="25" hits="0" branch="False" />
              </lines>
            </method>
          </methods>
          <lines>
            <line number="30" hits="0" branch="True" condition-coverage="0% (0/2)">
              <conditions>
                <condition number="11" type="jump" coverage="0%" />
              </conditions>
            </line>
            <line number="31" hits="0" branch="False" />
            <line number="32" hits="0" branch="False" />
            <line number="34" hits="0" branch="False" />
            <line number="41" hits="0" branch="False" />
            <line number="44" hits="0" branch="False" />
            <line number="45" hits="0" branch="False" />
            <line number="50" hits="0" branch="False" />
            <line number="56" hits="0" branch="False" />
            <line number="62" hits="0" branch="False" />
            <line number="68" hits="0" branch="False" />
            <line number="74" hits="0" branch="False" />
            <line number="24" hits="0" branch="False" />
            <line number="25" hits="0" branch="False" />
          </lines>
        </class>
      </classes>
    </package>
    <package name="Base.Contracts" line-rate="1" branch-rate="1" complexity="0">
      <classes />
    </package>
    <package name="Base.Domain" line-rate="0.6388" branch-rate="0.3214" complexity="34">
      <classes>
        <class name="Base.Domain.BaseEntity" filename="Base.Domain\BaseEntity.cs" line-rate="1" branch-rate="1" complexity="1">
          <methods>
            <method name="get_Id" signature="()" line-rate="1" branch-rate="1" complexity="1">
              <lines>
                <line number="7" hits="270" branch="False" />
              </lines>
            </method>
          </methods>
          <lines>
            <line number="7" hits="270" branch="False" />
          </lines>
        </class>
        <class name="Base.Domain.LangStr" filename="Base.Domain\LangStr.cs" line-rate="0.6285000000000001" branch-rate="0.3214" complexity="33">
          <methods>
            <method name="get_DefaultCulture" signature="()" line-rate="1" branch-rate="1" complexity="1">
              <lines>
                <line number="9" hits="48" branch="False" />
              </lines>
            </method>
            <method name="get_Item" signature="(System.String)" line-rate="1" branch-rate="1" complexity="1">
              <lines>
                <line number="15" hits="28" branch="False" />
              </lines>
            </method>
            <method name="set_Item" signature="(System.String,System.String)" line-rate="1" branch-rate="1" complexity="1">
              <lines>
                <line number="16" hits="47" branch="False" />
              </lines>
            </method>
            <method name="Translate" signature="(System.String)" line-rate="0.4" branch-rate="0.41659999999999997" complexity="12">
              <lines>
                <line number="47" hits="28" branch="True" condition-coverage="50% (1/2)">
                  <conditions>
                    <condition number="6" type="jump" coverage="50%" />
                  </conditions>
                </line>
                <line number="48" hits="28" branch="True" condition-coverage="75% (3/4)">
                  <conditions>
                    <condition number="11" type="jump" coverage="50%" />
                    <condition number="23" type="jump" coverage="100%" />
                  </conditions>
                </line>
                <line number="50" hits="28" branch="True" condition-coverage="50% (1/2)">
                  <conditions>
                    <condition number="50" type="jump" coverage="50%" />
                  </conditions>
                </line>
                <line number="52" hits="28" branch="False" />
                <line number="55" hits="0" branch="False" />
                <line number="56" hits="0" branch="True" condition-coverage="0% (0/2)">
                  <conditions>
                    <condition number="79" type="jump" coverage="0%" />
                  </conditions>
                </line>
                <line number="58" hits="0" branch="False" />
                <line number="61" hits="0" branch="True" condition-coverage="0% (0/2)">
                  <conditions>
                    <condition number="100" type="jump" coverage="0%" />
                  </conditions>
                </line>
                <line number="63" hits="0" branch="False" />
                <line number="66" hits="0" branch="False" />
              </lines>
            </method>
            <method name="SetTranslation" signature="(System.String,System.String)" line-rate="0" branch-rate="0" complexity="4">
              <lines>
                <line number="71" hits="0" branch="True" condition-coverage="0% (0/4)">
                  <conditions>
                    <condition number="1" type="jump" coverage="0%" />
                    <condition number="13" type="jump" coverage="0%" />
                  </conditions>
                </line>
                <line number="72" hits="0" branch="False" />
                <line number="73" hits="0" branch="False" />
                <line number="74" hits="0" branch="False" />
              </lines>
            </method>
            <method name="ToString" signature="()" line-rate="1" branch-rate="0.5" complexity="2">
              <lines>
                <line number="78" hits="21" branch="True" condition-coverage="50% (1/2)">
                  <conditions>
                    <condition number="8" type="jump" coverage="50%" />
                  </conditions>
                </line>
              </lines>
            </method>
            <method name="op_Implicit" signature="(Base.Domain.LangStr)" line-rate="0" branch-rate="0" complexity="4">
              <lines>
                <line number="82" hits="0" branch="True" condition-coverage="0% (0/4)">
                  <conditions>
                    <condition number="1" type="jump" coverage="0%" />
                    <condition number="13" type="jump" coverage="0%" />
                  </conditions>
                </line>
              </lines>
            </method>
            <method name="op_Implicit" signature="(System.String)" line-rate="0" branch-rate="1" complexity="1">
              <lines>
                <line number="85" hits="0" branch="False" />
              </lines>
            </method>
            <method name=".ctor" signature="()" line-rate="1" branch-rate="1" complexity="1">
              <lines>
                <line number="19" hits="42" branch="False" />
                <line number="21" hits="42" branch="False" />
              </lines>
            </method>
            <method name=".ctor" signature="(System.String)" line-rate="1" branch-rate="0.5" complexity="2">
              <lines>
                <line number="23" hits="15" branch="True" condition-coverage="50% (1/2)">
                  <conditions>
                    <condition number="17" type="jump" coverage="50%" />
                  </conditions>
                </line>
                <line number="24" hits="15" branch="False" />
                <line number="25" hits="15" branch="False" />
                <line number="26" hits="15" branch="False" />
                <line number="27" hits="15" branch="False" />
                <line number="29" hits="15" branch="False" />
              </lines>
            </method>
            <method name=".ctor" signature="(System.String,System.String)" line-rate="0.8571" branch-rate="0.5" complexity="4">
              <lines>
                <line number="31" hits="47" branch="False" />
                <line number="33" hits="47" branch="True" condition-coverage="50% (1/2)">
                  <conditions>
                    <condition number="13" type="jump" coverage="50%" />
                  </conditions>
                </line>
                <line number="35" hits="47" branch="False" />
                <line number="36" hits="47" branch="False" />
                <line number="39" hits="47" branch="True" condition-coverage="50% (1/2)">
                  <conditions>
                    <condition number="57" type="jump" coverage="50%" />
                  </conditions>
                </line>
                <line number="41" hits="0" branch="False" />
                <line number="43" hits="47" branch="False" />
              </lines>
            </method>
          </methods>
          <lines>
            <line number="9" hits="48" branch="False" />
            <line number="15" hits="28" branch="False" />
            <line number="16" hits="47" branch="False" />
            <line number="47" hits="28" branch="True" condition-coverage="50% (1/2)">
              <conditions>
                <condition number="6" type="jump" coverage="50%" />
              </conditions>
            </line>
            <line number="48" hits="28" branch="True" condition-coverage="75% (3/4)">
              <conditions>
                <condition number="11" type="jump" coverage="50%" />
                <condition number="23" type="jump" coverage="100%" />
              </conditions>
            </line>
            <line number="50" hits="28" branch="True" condition-coverage="50% (1/2)">
              <conditions>
                <condition number="50" type="jump" coverage="50%" />
              </conditions>
            </line>
            <line number="52" hits="28" branch="False" />
            <line number="55" hits="0" branch="False" />
            <line number="56" hits="0" branch="True" condition-coverage="0% (0/2)">
              <conditions>
                <condition number="79" type="jump" coverage="0%" />
              </conditions>
            </line>
            <line number="58" hits="0" branch="False" />
            <line number="61" hits="0" branch="True" condition-coverage="0% (0/2)">
              <conditions>
                <condition number="100" type="jump" coverage="0%" />
              </conditions>
            </line>
            <line number="63" hits="0" branch="False" />
            <line number="66" hits="0" branch="False" />
            <line number="71" hits="0" branch="True" condition-coverage="0% (0/4)">
              <conditions>
                <condition number="1" type="jump" coverage="0%" />
                <condition number="13" type="jump" coverage="0%" />
              </conditions>
            </line>
            <line number="72" hits="0" branch="False" />
            <line number="73" hits="0" branch="False" />
            <line number="74" hits="0" branch="False" />
            <line number="78" hits="21" branch="True" condition-coverage="50% (1/2)">
              <conditions>
                <condition number="8" type="jump" coverage="50%" />
              </conditions>
            </line>
            <line number="82" hits="0" branch="True" condition-coverage="0% (0/4)">
              <conditions>
                <condition number="1" type="jump" coverage="0%" />
                <condition number="13" type="jump" coverage="0%" />
              </conditions>
            </line>
            <line number="85" hits="0" branch="False" />
            <line number="19" hits="42" branch="False" />
            <line number="21" hits="42" branch="False" />
            <line number="23" hits="15" branch="True" condition-coverage="50% (1/2)">
              <conditions>
                <condition number="17" type="jump" coverage="50%" />
              </conditions>
            </line>
            <line number="24" hits="15" branch="False" />
            <line number="25" hits="15" branch="False" />
            <line number="26" hits="15" branch="False" />
            <line number="27" hits="15" branch="False" />
            <line number="29" hits="15" branch="False" />
            <line number="31" hits="47" branch="False" />
            <line number="33" hits="47" branch="True" condition-coverage="50% (1/2)">
              <conditions>
                <condition number="13" type="jump" coverage="50%" />
              </conditions>
            </line>
            <line number="35" hits="47" branch="False" />
            <line number="36" hits="47" branch="False" />
            <line number="39" hits="47" branch="True" condition-coverage="50% (1/2)">
              <conditions>
                <condition number="57" type="jump" coverage="50%" />
              </conditions>
            </line>
            <line number="41" hits="0" branch="False" />
            <line number="43" hits="47" branch="False" />
          </lines>
        </class>
      </classes>
    </package>
  </packages>
</coverage>