<testsuites>
  <testsuite name="CarServiceTrack.Tests.Unit.dll" tests="117" skipped="0" failures="0" errors="0" time="3.4973994000000013" timestamp="2026-05-21T19:29:24" hostname="GERFUJIN" id="0" package="CarServiceTrack.Tests.Unit.dll">
    <properties />
    <testcase classname="CarServiceTrack.Tests.Unit.Services.StatusHistoryServiceTests" name="Remove_DelegatesToRepository" time="0.2129619" />
    <testcase classname="CarServiceTrack.Tests.Unit.Services.PaymentServiceTests" name="MarkAsPaidAsync_WithExistingPayment_SetsStatusPaidAndPaidAt" time="0.2234483" />
    <testcase classname="CarServiceTrack.Tests.Unit.Services.PaymentServiceTests" name="MarkAsPaidAsync_WithNonexistentPayment_DoesNotCallUpdate" time="0.0044132" />
    <testcase classname="CarServiceTrack.Tests.Unit.Services.ServiceOrderServiceTests" name="FindAsync_WithNonexistentId_ReturnsNull" time="0.2290699" />
    <testcase classname="CarServiceTrack.Tests.Unit.Services.RepairPhotoServiceTests" name="FindForApiAsync_WhenPhotoDoesNotExist_ReturnsNull" time="0.2293716" />
    <testcase classname="CarServiceTrack.Tests.Unit.Services.OwnerServiceTests" name="FindAsync_WithExistingId_ReturnsMapped" time="0.2291942" />
    <testcase classname="CarServiceTrack.Tests.Unit.Services.MechanicServiceTests" name="FindAsync_WithNonexistentId_ReturnsNull" time="0.2295508" />
    <testcase classname="CarServiceTrack.Tests.Unit.Services.VehicleServiceTests" name="CanDeleteAsync_WhenServiceOrdersExist_ReturnsFalse" time="0.2295547" />
    <testcase classname="CarServiceTrack.Tests.Unit.Services.RefreshTokenServiceTests" name="RotateForRefreshAsync_WhenMultipleTokensFound_ReturnsCountAndNoRotation" time="0.2296666" />
    <testcase classname="CarServiceTrack.Tests.Unit.Services.WorkshopServiceTests" name="Add_StagedAndReturnsMapped" time="0.2337593" />
    <testcase classname="CarServiceTrack.Tests.Unit.Services.StatusHistoryServiceTests" name="AllAsync_ReturnsAllMapped" time="0.0107133" />
    <testcase classname="CarServiceTrack.Tests.Unit.Services.ServiceServiceTests" name="Add_StagedAndReturnsMapped" time="0.2341518" />
    <testcase classname="CarServiceTrack.Tests.Unit.Services.SparePartServiceTests" name="Add_StagedAndReturnsMapped" time="0.2342664" />
    <testcase classname="CarServiceTrack.Tests.Unit.Services.ServiceOrderServiceTests" name="IsOwnedByUserAsync_WhenNotOwned_ReturnsFalse" time="0.0062412" />
    <testcase classname="CarServiceTrack.Tests.Unit.Services.MechanicServiceTests" name="UpdateAsync_WithNonexistentMechanic_ReturnsNull" time="0.0071115" />
    <testcase classname="CarServiceTrack.Tests.Unit.Services.OwnerServiceTests" name="FindByUserAsync_WhenOwnerExists_ReturnsMapped" time="0.0114922" />
    <testcase classname="CarServiceTrack.Tests.Unit.Services.PaymentServiceTests" name="FindByServiceOrderAsync_WithExistingOrder_ReturnsMappedPayment" time="0.0129001" />
    <testcase classname="CarServiceTrack.Tests.Unit.Services.VehicleServiceTests" name="UpdateAsync_WithNonexistentId_ReturnsNull" time="0.0119142" />
    <testcase classname="CarServiceTrack.Tests.Unit.Services.StatusHistoryServiceTests" name="ExistsAsync_WhenExists_ReturnsTrue" time="0.0075873" />
    <testcase classname="CarServiceTrack.Tests.Unit.Services.WorkshopServiceTests" name="CanDeleteAsync_WhenNoOrders_ReturnsTrue" time="0.0096173" />
    <testcase classname="CarServiceTrack.Tests.Unit.Services.RepairPhotoServiceTests" name="AllForApiAsync_WhenAdminRole_ReturnsAllPhotos" time="0.0153723" />
    <testcase classname="CarServiceTrack.Tests.Unit.Services.SparePartServiceTests" name="ExistsAsync_WhenExists_ReturnsTrue" time="0.0114647" />
    <testcase classname="CarServiceTrack.Tests.Unit.Services.WorkshopServiceTests" name="Remove_DelegatesToRepository" time="0.0039679" />
    <testcase classname="CarServiceTrack.Tests.Unit.Services.VehicleServiceTests" name="FindAsync_WithNonexistentId_ReturnsNull" time="0.0061992" />
    <testcase classname="CarServiceTrack.Tests.Unit.Services.OwnerServiceTests" name="EnsureForUserAsync_WhenOwnerAlreadyExists_ReturnsExistingOwner" time="0.0090002" />
    <testcase classname="CarServiceTrack.Tests.Unit.Services.RefreshTokenServiceTests" name="RemoveExpiredForUserAsync_DelegatesToRepositoryWithCurrentTime" time="0.0204129" />
    <testcase classname="CarServiceTrack.Tests.Unit.Services.StatusHistoryServiceTests" name="Add_StagedAndReturnsMapped" time="0.0096094" />
    <testcase classname="CarServiceTrack.Tests.Unit.Services.ServiceServiceTests" name="UpdateAsync_WithExistingService_UpdatesFieldsAndReturns" time="0.0182690" />
    <testcase classname="CarServiceTrack.Tests.Unit.Services.MechanicServiceTests" name="AllAsync_ReturnsAllMapped" time="0.0165820" />
    <testcase classname="CarServiceTrack.Tests.Unit.Services.WorkshopServiceTests" name="FindAsync_WithExistingId_ReturnsMapped" time="0.0076976" />
    <testcase classname="CarServiceTrack.Tests.Unit.Services.StatusHistoryServiceTests" name="FindAsync_WithNonexistentId_ReturnsNull" time="0.0068594" />
    <testcase classname="CarServiceTrack.Tests.Unit.Services.PaymentServiceTests" name="CreateForServiceOrderAsync_WhenPaymentAlreadyExists_ReturnsError" time="0.0176195" />
    <testcase classname="CarServiceTrack.Tests.Unit.Services.OwnerServiceTests" name="EnsureForUserAsync_WhenOwnerDoesNotExist_CreatesAndStagesNewOwner" time="0.0096788" />
    <testcase classname="CarServiceTrack.Tests.Unit.Services.MechanicServiceTests" name="Add_StagedAndReturnsMapped" time="0.0073473" />
    <testcase classname="CarServiceTrack.Tests.Unit.Services.SparePartServiceTests" name="AllAsync_ReturnsAllMapped" time="0.0158990" />
    <testcase classname="CarServiceTrack.Tests.Unit.Services.WorkshopServiceTests" name="AllAsync_ReturnsAllMapped" time="0.0067195" />
    <testcase classname="CarServiceTrack.Tests.Unit.Services.RefreshTokenServiceTests" name="RemoveForLogoutAsync_DelegatesToRepository" time="0.0131936" />
    <testcase classname="CarServiceTrack.Tests.Unit.Services.StatusHistoryServiceTests" name="FindAsync_WithExistingId_ReturnsMapped" time="0.0064393" />
    <testcase classname="CarServiceTrack.Tests.Unit.Services.ServiceServiceTests" name="FindAsync_WithExistingId_ReturnsMapped" time="0.0132282" />
    <testcase classname="CarServiceTrack.Tests.Unit.Services.MechanicServiceTests" name="ExistsAsync_WhenExists_ReturnsTrue" time="0.0065810" />
    <testcase classname="CarServiceTrack.Tests.Unit.Services.VehicleServiceTests" name="AllAsync_WhenNoVehicles_ReturnsEmptyList" time="0.0210279" />
    <testcase classname="CarServiceTrack.Tests.Unit.Services.RepairPhotoServiceTests" name="AllForApiAsync_WhenClientAndOwnerExists_ReturnsOwnedPhotos" time="0.0242343" />
    <testcase classname="CarServiceTrack.Tests.Unit.Services.OwnerServiceTests" name="Remove_DelegatesToRepository" time="0.0091717" />
    <testcase classname="CarServiceTrack.Tests.Unit.Services.PaymentServiceTests" name="AllByUserAsync_DelegatesToRepository" time="0.0250906" />
    <testcase classname="CarServiceTrack.Tests.Unit.Services.ServiceServiceTests" name="FindAsync_WithNonexistentId_ReturnsNull" time="0.0180027" />
    <testcase classname="CarServiceTrack.Tests.Unit.Services.WorkshopServiceTests" name="UpdateAsync_WithNonexistentWorkshop_ReturnsNull" time="0.0223160" />
    <testcase classname="CarServiceTrack.Tests.Unit.Services.OwnerServiceTests" name="Add_StagedAndReturnsMapped" time="0.0165406" />
    <testcase classname="CarServiceTrack.Tests.Unit.Services.RefreshTokenServiceTests" name="RotateForRefreshAsync_WithExactlyOneMatchingToken_RotatesAndReturnsNewToken" time="0.0226490" />
    <testcase classname="CarServiceTrack.Tests.Unit.Services.ServiceServiceTests" name="Remove_DelegatesToRepository" time="0.0032440" />
    <testcase classname="CarServiceTrack.Tests.Unit.Services.PaymentServiceTests" name="CreateForServiceOrderAsync_WithNonexistentOrder_ReturnsError" time="0.0041247" />
    <testcase classname="CarServiceTrack.Tests.Unit.Services.StatusHistoryServiceTests" name="AllByOrderAsync_WithOrderId_DelegatesToRepository" time="0.0227916" />
    <testcase classname="CarServiceTrack.Tests.Unit.Services.WorkshopServiceTests" name="CanDeleteAsync_WhenOrdersExist_ReturnsFalse" time="0.0033525" />
    <testcase classname="CarServiceTrack.Tests.Unit.Services.OwnerServiceTests" name="FindByUserAsync_WhenOwnerDoesNotExist_ReturnsNull" time="0.0023581" />
    <testcase classname="CarServiceTrack.Tests.Unit.Services.RepairPhotoServiceTests" name="RemoveForApiAsync_WithNonexistentPhoto_ReturnsNotFound" time="0.0199155" />
    <testcase classname="CarServiceTrack.Tests.Unit.Services.VehicleServiceTests" name="ExistsAsync_WhenVehicleExists_ReturnsTrue" time="0.0208977" />
    <testcase classname="CarServiceTrack.Tests.Unit.Services.MechanicServiceTests" name="UpdateAsync_WithExistingMechanic_UpdatesFieldsAndReturns" time="0.0234653" />
    <testcase classname="CarServiceTrack.Tests.Unit.Services.RefreshTokenServiceTests" name="RotateForRefreshAsync_WhenNoTokenFound_ReturnsZeroCount" time="0.0046227" />
    <testcase classname="CarServiceTrack.Tests.Unit.Services.SparePartServiceTests" name="UpdateAsync_WithExistingPart_UpdatesFieldsAndReturns" time="0.0302522" />
    <testcase classname="CarServiceTrack.Tests.Unit.Services.MechanicServiceTests" name="FindAsync_WithExistingId_ReturnsMapped" time="0.0026862" />
    <testcase classname="CarServiceTrack.Tests.Unit.Services.ServiceServiceTests" name="AllAsync_ReturnsAllMapped" time="0.0065290" />
    <testcase classname="CarServiceTrack.Tests.Unit.Services.SparePartServiceTests" name="UpdateAsync_WithNonexistentPart_ReturnsNull" time="0.0023440" />
    <testcase classname="CarServiceTrack.Tests.Unit.Services.WorkshopServiceTests" name="UpdateAsync_WithExistingWorkshop_UpdatesFieldsAndReturns" time="0.0073843" />
    <testcase classname="CarServiceTrack.Tests.Unit.Services.MechanicServiceTests" name="Remove_DelegatesToRepository" time="0.0019201" />
    <testcase classname="CarServiceTrack.Tests.Unit.Services.SparePartServiceTests" name="Remove_DelegatesToRepository" time="0.0016187" />
    <testcase classname="CarServiceTrack.Tests.Unit.Services.ServiceServiceTests" name="UpdateAsync_WithNonexistentService_ReturnsNull" time="0.0020686" />
    <testcase classname="CarServiceTrack.Tests.Unit.Services.WorkshopServiceTests" name="FindAsync_WithNonexistentId_ReturnsNull" time="0.0019650" />
    <testcase classname="CarServiceTrack.Tests.Unit.Services.ServiceOrderServiceTests" name="UpdateAsync_WithExistingId_UpdatesAndReturns" time="0.0626123" />
    <testcase classname="CarServiceTrack.Tests.Unit.Services.PaymentServiceTests" name="CreateForServiceOrderAsync_WithValidOrder_CreatesAndReturnsPayment" time="0.0103606" />
    <testcase classname="CarServiceTrack.Tests.Unit.Services.RepairPhotoServiceTests" name="ValidateUploadAsync_WhenBelowLimit_ReturnsSuccess" time="0.0096417" />
    <testcase classname="CarServiceTrack.Tests.Unit.Services.VehicleServiceTests" name="AllAsync_WhenVehiclesExist_ReturnsAllMappedVehicles" time="0.0089323" />
    <testcase classname="CarServiceTrack.Tests.Unit.Services.RefreshTokenServiceTests" name="AddForUser_StagedTokenAndReturnsRefreshTokenString" time="0.0089323" />
    <testcase classname="CarServiceTrack.Tests.Unit.Services.SparePartServiceTests" name="FindAsync_WithExistingId_ReturnsMapped" time="0.0046869" />
    <testcase classname="CarServiceTrack.Tests.Unit.Services.VehicleServiceTests" name="CanDeleteAsync_WhenNoServiceOrders_ReturnsTrue" time="0.0020250" />
    <testcase classname="CarServiceTrack.Tests.Unit.Services.RepairPhotoServiceTests" name="FindForApiAsync_WhenAdminAndPhotoExists_ReturnsPhoto" time="0.0025824" />
    <testcase classname="CarServiceTrack.Tests.Unit.Services.ServiceServiceTests" name="ExistsAsync_WhenExists_ReturnsTrue" time="0.0061758" />
    <testcase classname="CarServiceTrack.Tests.Unit.Services.PaymentServiceTests" name="UpdateAsync_WithNonexistentPayment_ReturnsNull" time="0.0043951" />
    <testcase classname="CarServiceTrack.Tests.Unit.Services.SparePartServiceTests" name="FindAsync_WithNonexistentId_ReturnsNull" time="0.0019738" />
    <testcase classname="CarServiceTrack.Tests.Unit.Services.VehicleServiceTests" name="FindAsync_WithExistingId_ReturnsMappedVehicle" time="0.0032637" />
    <testcase classname="CarServiceTrack.Tests.Unit.Services.PaymentServiceTests" name="FindByServiceOrderAsync_WithNonexistentOrder_ReturnsNull" time="0.0020548" />
    <testcase classname="CarServiceTrack.Tests.Unit.Services.RepairPhotoServiceTests" name="AllForApiAsync_WhenClientAndNoOwner_ReturnsEmptyList" time="0.0035932" />
    <testcase classname="CarServiceTrack.Tests.Unit.Services.VehicleServiceTests" name="Remove_WithValidEntity_DelegatesToRepository" time="0.0035828" />
    <testcase classname="CarServiceTrack.Tests.Unit.Services.RepairPhotoServiceTests" name="ValidateUploadAsync_WhenAtMaxPhotos_ReturnsError" time="0.0037780" />
    <testcase classname="CarServiceTrack.Tests.Unit.Services.ServiceOrderServiceTests" name="SetStatusAsync_WhenStatusIsCompleted_SetsCompletedDate" time="0.0108209" />
    <testcase classname="CarServiceTrack.Tests.Unit.Services.ServiceOrderServiceTests" name="FindAsync_WithExistingId_ReturnsMappedOrder" time="0.0026505" />
    <testcase classname="CarServiceTrack.Tests.Unit.Services.PaymentServiceTests" name="UpdateAsync_WithExistingPayment_UpdatesFieldsAndReturns" time="0.0068562" />
    <testcase classname="CarServiceTrack.Tests.Unit.Services.ServiceOrderPartServiceTests" name="AllForApiAsync_WhenClientAndNoOwner_ReturnsEmpty" time="0.0171528" />
    <testcase classname="CarServiceTrack.Tests.Unit.Services.RepairPhotoServiceTests" name="UpdateAsync_WithNonexistentPhoto_ReturnsNull" time="0.0036021" />
    <testcase classname="CarServiceTrack.Tests.Unit.Services.VehicleServiceTests" name="AllByUserAsync_WithUserId_ReturnsOnlyUserVehicles" time="0.0056261" />
    <testcase classname="CarServiceTrack.Tests.Unit.Services.ServiceOrderServiceTests" name="SetStatusAsync_WithNonexistentOrder_ReturnsFalse" time="0.0028205" />
    <testcase classname="CarServiceTrack.Tests.Unit.Services.RepairPhotoServiceTests" name="ValidateUploadAsync_WhenOrderNotFound_ReturnsError" time="0.0026018" />
    <testcase classname="CarServiceTrack.Tests.Unit.Services.ServiceOrderServiceTests" name="FindWithDetailsAsync_WithExistingId_ReturnsMappedOrder" time="0.0039952" />
    <testcase classname="CarServiceTrack.Tests.Unit.Services.RepairPhotoServiceTests" name="FindForApiAsync_WhenClientAndNoOwner_ReturnsNull" time="0.0037327" />
    <testcase classname="CarServiceTrack.Tests.Unit.Services.ServiceOrderPartServiceTests" name="CreateForApiAsync_WhenQuantityIsZero_ReturnsError" time="0.0087999" />
    <testcase classname="CarServiceTrack.Tests.Unit.Services.VehicleServiceTests" name="UpdateAsync_WithExistingId_UpdatesEditableFieldsAndReturns" time="0.0077686" />
    <testcase classname="CarServiceTrack.Tests.Unit.Services.ServiceOrderServiceTests" name="AllAsync_WhenOrdersExist_ReturnsAllMapped" time="0.0061719" />
    <testcase classname="CarServiceTrack.Tests.Unit.Services.ServiceOrderPartServiceTests" name="CreateForApiAsync_WhenSparePartNotFound_ReturnsError" time="0.0041350" />
    <testcase classname="CarServiceTrack.Tests.Unit.Services.VehicleServiceTests" name="FindByUserAsync_WhenUserDoesNotOwnVehicle_ReturnsNull" time="0.0049862" />
    <testcase classname="CarServiceTrack.Tests.Unit.Services.RepairPhotoServiceTests" name="AddUploaded_StampsUploadedAtAndStages" time="0.0078175" />
    <testcase classname="CarServiceTrack.Tests.Unit.Services.VehicleServiceTests" name="Add_WithValidEntity_StagedAndReturnsMappedVehicle" time="0.0029684" />
    <testcase classname="CarServiceTrack.Tests.Unit.Services.RepairPhotoServiceTests" name="RemoveForApiAsync_WithExistingPhoto_StagedForDeletion" time="0.0052052" />
    <testcase classname="CarServiceTrack.Tests.Unit.Services.VehicleServiceTests" name="FindByUserAsync_WhenUserOwnsVehicle_ReturnsMappedVehicle" time="0.0042758" />
    <testcase classname="CarServiceTrack.Tests.Unit.Services.ServiceOrderServiceTests" name="AddWithItemsAsync_WithServiceIds_StagesOrderAndCallsAddItems" time="0.0225622" />
    <testcase classname="CarServiceTrack.Tests.Unit.Services.ServiceOrderPartServiceTests" name="CreateForApiAsync_WithValidOrderAndPart_CreatesAndReturnsResult" time="0.0229360" />
    <testcase classname="CarServiceTrack.Tests.Unit.Services.ServiceOrderServiceTests" name="UpdateAsync_WithNonexistentId_ReturnsNull" time="0.0026142" />
    <testcase classname="CarServiceTrack.Tests.Unit.Services.ServiceOrderServiceTests" name="FindWithDetailsAsync_WithNonexistentId_ReturnsNull" time="0.0018168" />
    <testcase classname="CarServiceTrack.Tests.Unit.Services.ServiceOrderServiceTests" name="IsOwnedByUserAsync_WhenOwned_ReturnsTrue" time="0.0022075" />
    <testcase classname="CarServiceTrack.Tests.Unit.Services.ServiceOrderPartServiceTests" name="CreateForApiAsync_WithExplicitPrice_UsesProvidedPriceNotSpareParts" time="0.0087293" />
    <testcase classname="CarServiceTrack.Tests.Unit.Services.ServiceOrderServiceTests" name="AddWithItemsAsync_WithNoServiceIds_DoesNotCallAddItems" time="0.0043748" />
    <testcase classname="CarServiceTrack.Tests.Unit.Services.ServiceOrderPartServiceTests" name="RecalculateOrderTotalAsync_DelegatesToRepository" time="0.0057347" />
    <testcase classname="CarServiceTrack.Tests.Unit.Services.ServiceOrderServiceTests" name="SetStatusAsync_WithExistingOrder_SetsStatusAndStagesHistory" time="0.0092287" />
    <testcase classname="CarServiceTrack.Tests.Unit.Services.ServiceOrderPartServiceTests" name="UpdateForApiAsync_WhenNegativePrice_ReturnsError" time="0.0072116" />
    <testcase classname="CarServiceTrack.Tests.Unit.Services.ServiceOrderServiceTests" name="AllByUserAsync_WithUserId_DelegatesToRepository" time="0.0049108" />
    <testcase classname="CarServiceTrack.Tests.Unit.Services.ServiceOrderPartServiceTests" name="RemoveForApiAsync_WithExistingPart_StagedForDeletion" time="0.0059186" />
    <testcase classname="CarServiceTrack.Tests.Unit.Services.ServiceOrderPartServiceTests" name="AllForApiAsync_WhenMechanic_ReturnsAllParts" time="0.0031761" />
    <testcase classname="CarServiceTrack.Tests.Unit.Services.ServiceOrderPartServiceTests" name="UpdateForApiAsync_WhenPartNotFound_ReturnsNotFound" time="0.0020106" />
    <testcase classname="CarServiceTrack.Tests.Unit.Services.ServiceOrderPartServiceTests" name="RemoveForApiAsync_WithNonexistentPart_ReturnsNotFound" time="0.0020563" />
    <testcase classname="CarServiceTrack.Tests.Unit.Services.ServiceOrderPartServiceTests" name="CreateForApiAsync_WhenOrderNotFound_ReturnsError" time="0.0016336" />
    <system-out>
Test Framework Informational Messages:
[xUnit.net 00:00:00.00] xUnit.net VSTest Adapter v2.8.2+699d445a1a (64-bit .NET 10.0.8)
[xUnit.net 00:00:00.17]   Discovering: CarServiceTrack.Tests.Unit
[xUnit.net 00:00:00.28]   Discovered:  CarServiceTrack.Tests.Unit
[xUnit.net 00:00:00.28]   Starting:    CarServiceTrack.Tests.Unit
[xUnit.net 00:00:00.78]   Finished:    CarServiceTrack.Tests.Unit
</system-out>
  </testsuite>
</testsuites>